#
# A fatal error has been detected by the Java Runtime Environment:
#
#  EXCEPTION_ACCESS_VIOLATION (0xc0000005) at pc=0x00007ff9f368bdf1, pid=5388, tid=10708
#
# JRE version: Java(TM) SE Runtime Environment (23.0.2+7) (build 23.0.2+7-58)
# Java VM: Java HotSpot(TM) 64-Bit Server VM (23.0.2+7-58, mixed mode, sharing, tiered, compressed oops, compressed class ptrs, g1 gc, windows-amd64)
# Problematic frame:
# C  [awt.dll+0xdbdf1]
#
# No core dump will be written. Minidumps are not enabled by default on client versions of Windows
#
# If you would like to submit a bug report, please visit:
#   https://bugreport.java.com/bugreport/crash.jsp
# The crash happened outside the Java Virtual Machine in native code.
# See problematic frame for where to report the bug.
#

---------------  S U M M A R Y ------------

Command Line: C:\Users\Melfred\Desktop\mcServer\server.jar

Host: AMD Ryzen 7 5800HS with Radeon Graphics         , 16 cores, 15G,  Windows 10 , 64 bit Build 19041 (10.0.19041.5438)
Time: Sat Mar 15 19:37:37 2025 Malay Peninsula Standard Time elapsed time: 3714.460089 seconds (0d 1h 1m 54s)

---------------  T H R E A D  ---------------

Current thread (0x000001d05d438e20):  JavaThread "AWT-Windows" daemon [_thread_in_native, id=10708, stack(0x00000031bf200000,0x00000031bf300000) (1024K)]

Stack: [0x00000031bf200000,0x00000031bf300000],  sp=0x00000031bf2febf0,  free space=1018k
Native frames: (J=compiled Java code, j=interpreted, Vv=VM code, C=native code)
C  [awt.dll+0xdbdf1]  (no source info available)
C  [awt.dll+0x9782c]  (no source info available)
C  [awt.dll+0x978d6]  (no source info available)
C  [awt.dll+0x94ca6]  (no source info available)
C  [awt.dll+0xe0f7c]  (no source info available)
C  [awt.dll+0xb0d2d]  (no source info available)
C  [awt.dll+0x97e0d]  (no source info available)
C  [USER32.dll+0xef5c]  (no source info available)
C  [USER32.dll+0xe9de]  (no source info available)
C  [awt.dll+0x161c3]  (no source info available)
C  [COMCTL32.dll+0x89aaa]  (no source info available)
C  [COMCTL32.dll+0x898a7]  (no source info available)
C  [USER32.dll+0xef5c]  (no source info available)
C  [USER32.dll+0xe684]  (no source info available)
C  [awt.dll+0xd52fe]  (no source info available)
C  [awt.dll+0xd7232]  (no source info available)
C  0x000001d00745d207  (no source info available)

The last pc belongs to native method entry point (kind = native) (printed below).
Java frames: (J=compiled Java code, j=interpreted, Vv=VM code)
j  sun.awt.windows.WToolkit.eventLoop()V+0 java.desktop@23.0.2
j  sun.awt.windows.WToolkit.run()V+50 java.desktop@23.0.2
j  java.lang.Thread.runWith(Ljava/lang/Object;Ljava/lang/Runnable;)V+5 java.base@23.0.2
j  java.lang.Thread.run()V+19 java.base@23.0.2
v  ~StubRoutines::call_stub 0x000001d007450fcd

siginfo: EXCEPTION_ACCESS_VIOLATION (0xc0000005), reading address 0x0000000000000008


Registers:
RAX=0x0000000000000000, RBX=0x000001d0588c7600, RCX=0x0000000000000000, RDX=0x0000000000000000
RSP=0x00000031bf2febf0, RBP=0x00000031bf2fecf9, RSI=0xffffffffc0010964, RDI=0x0000000000000000
R8 =0x0000000000000001, R9 =0x00000031bf2fecf9, R10=0x0000000000000000, R11=0x0000000000000246
R12=0x0000000000000000, R13=0x0000000000000310, R14=0x0000000000000000, R15=0x0000000000000000
RIP=0x00007ff9f368bdf1, EFLAGS=0x0000000000010246


Register to memory mapping:

RAX=0x0 is null
RBX=0x000001d0588c7600 points into unknown readable memory: 0x000001d05b62acd0 | d0 ac 62 5b d0 01 00 00
RCX=0x0 is null
RDX=0x0 is null
RSP=0x00000031bf2febf0 is pointing into the stack for thread: 0x000001d05d438e20
RBP=0x00000031bf2fecf9 is pointing into the stack for thread: 0x000001d05d438e20
RSI=0xffffffffc0010964 is an unknown value
RDI=0x0 is null
R8 =0x0000000000000001 is an unknown value
R9 =0x00000031bf2fecf9 is pointing into the stack for thread: 0x000001d05d438e20
R10=0x0 is null
R11=0x0000000000000246 is an unknown value
R12=0x0 is null
R13=0x0000000000000310 is an unknown value
R14=0x0 is null
R15=0x0 is null

Top of Stack: (sp=0x00000031bf2febf0)
0x00000031bf2febf0:   00007ff9f36e9838 ffffffffc0010964
0x00000031bf2fec00:   0000000000000000 0000000000000000
0x00000031bf2fec10:   0000000000000000 00007ff9f364782c
0x00000031bf2fec20:   ffffffffc0010964 000001d0554536c0
0x00000031bf2fec30:   000001d0588c7600 00007ffa6315e9de
0x00000031bf2fec40:   0000000000000000 00007ff9f36478d6
0x00000031bf2fec50:   000001d0554536c0 00007ff9f35b0000
0x00000031bf2fec60:   0000000000000000 0000000000000000
0x00000031bf2fec70:   0000000000000000 00007ff9f3644ca6
0x00000031bf2fec80:   000001d0554536c0 0000000000000000
0x00000031bf2fec90:   0000000000000000 00000031bf2fefe0
0x00000031bf2feca0:   000000000000c288 000001d05d438e20
0x00000031bf2fecb0:   0000000000000000 00007ff9ef49bc79
0x00000031bf2fecc0:   0000000000000000 00007ffa4c2f9aaa
0x00000031bf2fecd0:   0000000000000000 00007ffa633a9877
0x00000031bf2fece0:   00000031bf2feda0 000001d05d4391e0
0x00000031bf2fecf0:   000001d055453760 0000000000000000
0x00000031bf2fed00:   000001d05d438e20 00000ff51b357995
0x00000031bf2fed10:   0000000000000001 0000000000000000
0x00000031bf2fed20:   0000000000000000 0000000000000000
0x00000031bf2fed30:   0000000000000000 0000000000000310
0x00000031bf2fed40:   0000000000000000 000001d0554536c0
0x00000031bf2fed50:   000001d0554536c0 00007ff9f3690f7c
0x00000031bf2fed60:   0000000000000001 0000000000000000
0x00000031bf2fed70:   0000000000000000 00007ff9ef8a9013
0x00000031bf2fed80:   000001d00000c288 00007ff9f36b1bf8
0x00000031bf2fed90:   0000000000000000 00000000000504e0
0x00000031bf2feda0:   000001d06e0ad7d0 00007ffa63160317
0x00000031bf2fedb0:   0000000000000000 00007ffa633a9993
0x00000031bf2fedc0:   00000031bb46e800 00000000ffffffeb
0x00000031bf2fedd0:   0000000000000000 00000ff51b357875
0x00000031bf2fede0:   00000031bf2fefe0 0000000000000000 

Instructions: (pc=0x00007ff9f368bdf1)
0x00007ff9f368bcf1:   83 ec 28 66 0f 6e c2 0f 5b c0 f3 0f 59 41 48 0f
0x00007ff9f368bd01:   5a c8 f2 0f 10 05 cd 4e 03 00 f2 0f 5c 0d f5 4e
0x00007ff9f368bd11:   01 00 66 0f 2f c1 76 0a b8 00 00 00 80 48 83 c4
0x00007ff9f368bd21:   28 c3 66 0f 2f 0d 75 98 02 00 76 0a b8 ff ff ff
0x00007ff9f368bd31:   7f 48 83 c4 28 c3 0f 28 c1 e8 af 0e 01 00 f2 0f
0x00007ff9f368bd41:   2c c0 48 83 c4 28 c3 cc cc cc cc cc cc cc cc 48
0x00007ff9f368bd51:   83 ec 28 66 0f 6e c2 0f 5b c0 f3 0f 59 41 4c 0f
0x00007ff9f368bd61:   5a c8 f2 0f 10 05 6d 4e 03 00 f2 0f 5c 0d 95 4e
0x00007ff9f368bd71:   01 00 66 0f 2f c1 76 0a b8 00 00 00 80 48 83 c4
0x00007ff9f368bd81:   28 c3 66 0f 2f 0d 15 98 02 00 76 0a b8 ff ff ff
0x00007ff9f368bd91:   7f 48 83 c4 28 c3 0f 28 c1 e8 4f 0e 01 00 f2 0f
0x00007ff9f368bda1:   2c c0 48 83 c4 28 c3 cc cc cc cc cc cc cc cc 48
0x00007ff9f368bdb1:   8b 49 08 48 85 c9 0f 85 b3 7c fe ff 33 c0 c3 48
0x00007ff9f368bdc1:   89 5c 24 08 48 89 74 24 10 57 48 83 ec 20 8b fa
0x00007ff9f368bdd1:   48 8b f1 e8 c7 be f4 ff 48 8b d8 48 89 44 24 40
0x00007ff9f368bde1:   41 b8 01 00 00 00 8b d7 48 8b c8 e8 2f be f4 ff
0x00007ff9f368bdf1:   48 8b 48 08 48 85 c9 74 0d 48 8b d6 e8 6e 7c fe
0x00007ff9f368be01:   ff 48 8b f8 eb 02 33 ff 48 8b cb e8 4f c0 f4 ff
0x00007ff9f368be11:   90 48 8b c7 48 8b 5c 24 30 48 8b 74 24 38 48 83
0x00007ff9f368be21:   c4 20 5f c3 cc cc cc cc cc cc cc cc cc cc cc 48
0x00007ff9f368be31:   8b 01 89 10 c3 cc cc cc cc cc cc cc cc cc cc 40
0x00007ff9f368be41:   57 48 83 ec 40 48 83 79 38 00 48 8b f9 0f 84 96
0x00007ff9f368be51:   01 00 00 48 8b 0d c5 9f 06 00 ba 02 00 01 00 48
0x00007ff9f368be61:   89 5c 24 58 48 89 74 24 68 e8 40 d8 00 00 4c 8b
0x00007ff9f368be71:   05 22 a5 06 00 48 8b c8 48 8b 57 38 48 8b d8 4c
0x00007ff9f368be81:   8b 08 41 ff 91 f8 02 00 00 48 8b f0 48 85 c0 0f
0x00007ff9f368be91:   84 4a 01 00 00 4c 8b 0b 48 8b d0 4c 8b 05 e5 a4
0x00007ff9f368bea1:   06 00 48 8b cb 41 ff 91 00 01 00 00 84 c0 0f 84
0x00007ff9f368beb1:   2b 01 00 00 48 8b 7f 08 48 8b d6 48 8b 03 48 8b
0x00007ff9f368bec1:   cb 4c 8b 05 d7 a4 06 00 48 81 c7 00 04 00 00 48
0x00007ff9f368bed1:   89 6c 24 60 4c 89 64 24 38 ff 90 f8 02 00 00 4c
0x00007ff9f368bee1:   8b 0b 48 8b d6 4c 8b 05 bb a4 06 00 48 8b cb 4c 


Stack slot to memory mapping:

stack at sp + 0 slots: 0x00007ff9f36e9838 awt.dll
stack at sp + 1 slots: 0xffffffffc0010964 is an unknown value
stack at sp + 2 slots: 0x0 is null
stack at sp + 3 slots: 0x0 is null
stack at sp + 4 slots: 0x0 is null
stack at sp + 5 slots: 0x00007ff9f364782c awt.dll
stack at sp + 6 slots: 0xffffffffc0010964 is an unknown value
stack at sp + 7 slots: 0x000001d0554536c0 points into unknown readable memory: 0x00007ff9f36bc860 | 60 c8 6b f3 f9 7f 00 00

Lock stack of current Java thread (top to bottom):

native method entry point (kind = native)  [0x000001d00745cde0, 0x000001d00745d938]  2904 bytes
[MachCode]
  0x000001d00745cde0: 488b 4b08 | 0fb7 492e | 584c 8d74 | ccf8 6800 | 0000 0068 | 0000 0000 | 5055 488b | ec41 5568 
  0x000001d00745ce00: 0000 0000 | 4c8b 6b08 | 4d8d 6d38 | 5348 8b53 | 0848 8b52 | 0848 8b52 | 1848 8b52 | 7048 8b12 
  0x000001d00745ce20: 5248 8b53 | 1048 85d2 | 0f84 0700 | 0000 4881 | c210 0100 | 0052 488b | 5308 488b | 5208 488b 
  0x000001d00745ce40: 5210 5249 | 8bc6 482b | c548 c1e8 | 0350 6800 | 0000 0068 | f7ff ffff | 41c6 8771 | 0400 0001 
  0x000001d00745ce60: 488b 4310 | 4885 c074 | 208b 88cc | 0000 0083 | c102 8988 | cc00 0000 | 2388 e000 | 0000 0f84 
  0x000001d00745ce80: 000a 0000 | e9cf 0000 | 0048 8b43 | 1848 85c0 | 0f85 b000 | 0000 e805 | 0000 00e9 | 9900 0000 
  0x000001d00745cea0: 488b d348 | 8d44 2408 | 4c89 6dc0 | 498b cfc5 | f877 4989 | afb0 0300 | 0049 8987 | a003 0000 
  0x000001d00745cec0: 4883 ec20 | 40f6 c40f | 0f84 1900 | 0000 4883 | ec08 48b8 | 8028 49ef | f97f 0000 | ffd0 4883 
  0x000001d00745cee0: c408 e90c | 0000 0048 | b880 2849 | eff9 7f00 | 00ff d048 | 83c4 2049 | c787 a003 | 0000 0000 
  0x000001d00745cf00: 0000 49c7 | 87b0 0300 | 0000 0000 | 0049 c787 | a803 0000 | 0000 0000 | c5f8 7749 | 837f 0800 
  0x000001d00745cf20: 0f84 0500 | 0000 e995 | 3fff ff4c | 8b6d c04c | 8b75 c84e | 8d74 f500 | c348 8b43 | 1848 85c0 
  0x000001d00745cf40: 0f84 1200 | 0000 8b48 | 0883 c102 | 8948 0823 | 481c 0f84 | 2c09 0000 | 493b a7e8 | 0400 000f 
  0x000001d00745cf60: 8748 0000 | 0089 8424 | 00f0 ffff | 8984 2400 | e0ff ff89 | 8424 00d0 | ffff 8984 | 2400 c0ff 
  0x000001d00745cf80: ff89 8424 | 00b0 ffff | 8984 2400 | a0ff ff89 | 8424 0090 | ffff 8984 | 2400 80ff | ff49 3ba7 
  0x000001d00745cfa0: e004 0000 | 7607 4989 | a7e8 0400 | 0041 c687 | 7104 0000 | 0049 ba41 | bdd0 eff9 | 7f00 0041 
  0x000001d00745cfc0: 803a 000f | 843e 0000 | 0048 8b55 | e849 8bcf | 4883 ec20 | 40f6 c40f | 0f84 1900 | 0000 4883 
  0x000001d00745cfe0: ec08 48b8 | f0f0 80ef | f97f 0000 | ffd0 4883 | c408 e90c | 0000 0048 | b8f0 f080 | eff9 7f00 
  0x000001d00745d000: 00ff d048 | 83c4 2048 | 8b5d e84c | 8b5b 0845 | 0fb7 5b2e | 41c1 e303 | 492b e348 | 83ec 2048 
  0x000001d00745d020: 83e4 f04c | 8b5b 604d | 85db 0f85 | ab00 0000 | e805 0000 | 00e9 9900 | 0000 488b | d348 8d44 
  0x000001d00745d040: 2408 4c89 | 6dc0 498b | cfc5 f877 | 4989 afb0 | 0300 0049 | 8987 a003 | 0000 4883 | ec20 40f6 
  0x000001d00745d060: c40f 0f84 | 1900 0000 | 4883 ec08 | 48b8 e04f | 49ef f97f | 0000 ffd0 | 4883 c408 | e90c 0000 
  0x000001d00745d080: 0048 b8e0 | 4f49 eff9 | 7f00 00ff | d048 83c4 | 2049 c787 | a003 0000 | 0000 0000 | 49c7 87b0 
  0x000001d00745d0a0: 0300 0000 | 0000 0049 | c787 a803 | 0000 0000 | 0000 c5f8 | 7749 837f | 0800 0f84 | 0500 0000 
  0x000001d00745d0c0: e9fb 3dff | ff4c 8b6d | c04c 8b75 | c84e 8d74 | f500 c348 | 8b5d e84c | 8b5b 6041 | ffd3 488b 
  0x000001d00745d0e0: 5de8 4889 | 4518 448b | 5b28 41f6 | c308 0f84 | 1b00 0000 | 4c8b 5b08 | 4d8b 5b08 | 4d8b 5b18 
  0x000001d00745d100: 4d8b 5b70 | 4d8b 1b4c | 895d 1048 | 8d55 1048 | 8b43 5849 | ba40 3f81 | eff9 7f00 | 0049 3bc2 
  0x000001d00745d120: 0f85 ab00 | 0000 e805 | 0000 00e9 | 9900 0000 | 488b d348 | 8d44 2408 | 4c89 6dc0 | 498b cfc5 
  0x000001d00745d140: f877 4989 | afb0 0300 | 0049 8987 | a003 0000 | 4883 ec20 | 40f6 c40f | 0f84 1900 | 0000 4883 
  0x000001d00745d160: ec08 48b8 | e04f 49ef | f97f 0000 | ffd0 4883 | c408 e90c | 0000 0048 | b8e0 4f49 | eff9 7f00 
  0x000001d00745d180: 00ff d048 | 83c4 2049 | c787 a003 | 0000 0000 | 0000 49c7 | 87b0 0300 | 0000 0000 | 0049 c787 
  0x000001d00745d1a0: a803 0000 | 0000 0000 | c5f8 7749 | 837f 0800 | 0f84 0500 | 0000 e905 | 3dff ff4c | 8b6d c04c 
  0x000001d00745d1c0: 8b75 c84e | 8d74 f500 | c348 8b5d | e848 8b43 | 5849 8d8f | c003 0000 | c5f8 7749 | 89af b003 
  0x000001d00745d1e0: 0000 49ba | d8d1 4507 | d001 0000 | 4d89 97a8 | 0300 0049 | 89a7 a003 | 0000 41c7 | 8744 0400 
  0x000001d00745d200: 0004 0000 | 00ff d0c5 | f877 4883 | ec10 c5fb | 1104 2448 | 83ec 1048 | 8904 2448 | c744 2408 
  0x000001d00745d220: 0000 0000 | 41c7 8744 | 0400 0005 | 0000 00f0 | 8344 24c0 | 0049 3baf | 4804 0000 | 0f87 0e00 
  0x000001d00745d240: 0000 4183 | bf40 0400 | 0000 0f84 | 2000 0000 | 498b cf4c | 8be4 4883 | ec20 4883 | e4f0 48b8 
  0x000001d00745d260: 80ab 4aef | f97f 0000 | ffd0 498b | e44d 33e4 | 41c7 8744 | 0400 0008 | 0000 0049 | c787 a003 
  0x000001d00745d280: 0000 0000 | 0000 49c7 | 87b0 0300 | 0000 0000 | 0049 c787 | a803 0000 | 0000 0000 | c5f8 774d 
  0x000001d00745d2a0: 8b9f 3004 | 0000 41c7 | 8300 0100 | 0000 0000 | 0049 bbda | a545 07d0 | 0100 004c | 3b5d 180f 
  0x000001d00745d2c0: 8524 0200 | 0048 8b04 | 2448 83c4 | 1048 85c0 | 0f84 fe01 | 0000 a803 | 0f85 0800 | 0000 488b 
  0x000001d00745d2e0: 00e9 ee01 | 0000 a801 | 0f85 0900 | 0000 488b | 40fe e9dd | 0100 0048 | 8b40 ff41 | 807f 3800 
  0x000001d00745d300: 0f84 ce01 | 0000 4883 | f800 0f84 | c401 0000 | 4d8b 5f28 | 4983 fb00 | 0f84 1400 | 0000 4983 
  0x000001d00745d320: eb08 4d89 | 5f28 4d03 | 5f30 4989 | 03e9 a201 | 0000 4881 | ecd0 0000 | 0048 8904 | 2448 894c 
  0x000001d00745d340: 2408 4889 | 5424 1048 | 8974 2418 | 4889 7c24 | 204c 8944 | 2428 4c89 | 4c24 304c | 8954 2438 
  0x000001d00745d360: 4c89 5c24 | 40c5 fb11 | 4424 50c5 | fb11 4c24 | 58c5 fb11 | 5424 60c5 | fb11 5c24 | 68c5 fb11 
  0x000001d00745d380: 6424 70c5 | fb11 6c24 | 78c5 fb11 | b424 8000 | 0000 c5fb | 11bc 2488 | 0000 00c5 | 7b11 8424 
  0x000001d00745d3a0: 9000 0000 | c57b 118c | 2498 0000 | 00c5 7b11 | 9424 a000 | 0000 c57b | 119c 24a8 | 0000 00c5 
  0x000001d00745d3c0: 7b11 a424 | b000 0000 | c57b 11ac | 24b8 0000 | 00c5 7b11 | b424 c000 | 0000 c57b | 11bc 24c8 
  0x000001d00745d3e0: 0000 0049 | 8bd7 488b | c848 83ec | 2040 f6c4 | 0f0f 8419 | 0000 0048 | 83ec 0848 | b800 093e 
  0x000001d00745d400: eff9 7f00 | 00ff d048 | 83c4 08e9 | 0c00 0000 | 48b8 0009 | 3eef f97f | 0000 ffd0 | 4883 c420 
  0x000001d00745d420: c57b 10bc | 24c8 0000 | 00c5 7b10 | b424 c000 | 0000 c57b | 10ac 24b8 | 0000 00c5 | 7b10 a424 
  0x000001d00745d440: b000 0000 | c57b 109c | 24a8 0000 | 00c5 7b10 | 9424 a000 | 0000 c57b | 108c 2498 | 0000 00c5 
  0x000001d00745d460: 7b10 8424 | 9000 0000 | c5fb 10bc | 2488 0000 | 00c5 fb10 | b424 8000 | 0000 c5fb | 106c 2478 
  0x000001d00745d480: c5fb 1064 | 2470 c5fb | 105c 2468 | c5fb 1054 | 2460 c5fb | 104c 2458 | c5fb 1044 | 2450 4c8b 
  0x000001d00745d4a0: 5c24 404c | 8b54 2438 | 4c8b 4c24 | 304c 8b44 | 2428 488b | 7c24 2048 | 8b74 2418 | 488b 5424 
  0x000001d00745d4c0: 1048 8b4c | 2408 488b | 0424 4881 | c4d0 0000 | 00c5 f877 | 4889 4510 | 4883 ec10 | 4889 0424 
  0x000001d00745d4e0: 48c7 4424 | 0800 0000 | 0041 83bf | c804 0000 | 020f 85bf | 0000 0048 | 81ec 8000 | 0000 4889 
  0x000001d00745d500: 4424 7848 | 894c 2470 | 4889 5424 | 6848 895c | 2460 4889 | 6c24 5048 | 8974 2448 | 4889 7c24 
  0x000001d00745d520: 404c 8944 | 2438 4c89 | 4c24 304c | 8954 2428 | 4c89 5c24 | 204c 8964 | 2418 4c89 | 6c24 104c 
  0x000001d00745d540: 8974 2408 | 4c89 3c24 | 4c8b e448 | 83ec 2048 | 83e4 f048 | b8a0 2581 | eff9 7f00 | 00ff d049 
  0x000001d00745d560: 8be4 4c8b | 3c24 4c8b | 7424 084c | 8b6c 2410 | 4c8b 6424 | 184c 8b5c | 2420 4c8b | 5424 284c 
  0x000001d00745d580: 8b4c 2430 | 4c8b 4424 | 3848 8b7c | 2440 488b | 7424 4848 | 8b6c 2450 | 488b 5c24 | 6048 8b54 
  0x000001d00745d5a0: 2468 488b | 4c24 7048 | 8b44 2478 | 4881 c480 | 0000 004d | 33e4 488b | 5de8 4c8b | 6b08 4d8d 
  0x000001d00745d5c0: 6d38 4983 | 7f08 000f | 84bb 0000 | 00e8 0500 | 0000 e996 | 0000 0048 | 8d44 2408 | 4c89 6dc0 
  0x000001d00745d5e0: 498b cfc5 | f877 4989 | afb0 0300 | 0049 8987 | a003 0000 | 4883 ec20 | 40f6 c40f | 0f84 1900 
  0x000001d00745d600: 0000 4883 | ec08 48b8 | f06d 49ef | f97f 0000 | ffd0 4883 | c408 e90c | 0000 0048 | b8f0 6d49 
  0x000001d00745d620: eff9 7f00 | 00ff d048 | 83c4 2049 | c787 a003 | 0000 0000 | 0000 49c7 | 87b0 0300 | 0000 0000 
  0x000001d00745d640: 0049 c787 | a803 0000 | 0000 0000 | c5f8 7749 | 837f 0800 | 0f84 0500 | 0000 e961 | 38ff ff4c 
  0x000001d00745d660: 8b6d c04c | 8b75 c84e | 8d74 f500 | c348 b940 | e5a8 eff9 | 7f00 0048 | 83e4 f048 | b850 4d6f 
  0x000001d00745d680: eff9 7f00 | 00ff d0f4 | 448b 5b28 | 41f6 c320 | 0f84 7901 | 0000 488d | 55a8 4c8b | 5a08 4d85 
  0x000001d00745d6a0: db0f 85bb | 0000 00e8 | 0500 0000 | e996 0000 | 0048 8d44 | 2408 4c89 | 6dc0 498b | cfc5 f877 
  0x000001d00745d6c0: 4989 afb0 | 0300 0049 | 8987 a003 | 0000 4883 | ec20 40f6 | c40f 0f84 | 1900 0000 | 4883 ec08 
  0x000001d00745d6e0: 48b8 206d | 49ef f97f | 0000 ffd0 | 4883 c408 | e90c 0000 | 0048 b820 | 6d49 eff9 | 7f00 00ff 
  0x000001d00745d700: d048 83c4 | 2049 c787 | a003 0000 | 0000 0000 | 49c7 87b0 | 0300 0000 | 0000 0049 | c787 a803 
  0x000001d00745d720: 0000 0000 | 0000 c5f8 | 7749 837f | 0800 0f84 | 0500 0000 | e987 37ff | ff4c 8b6d | c04c 8b75 
  0x000001d00745d740: c84e 8d74 | f500 c348 | b940 e5a8 | eff9 7f00 | 0048 83e4 | f048 b850 | 4d6f eff9 | 7f00 00ff 
  0x000001d00745d760: d0f4 4c89 | 6dc0 4c8b | 4a08 48c7 | 4208 0000 | 0000 458b | 8718 0600 | 004f 3b4c | 07f8 0f85 
  0x000001d00745d780: 4900 0000 | 4183 af18 | 0600 0008 | 4f3b 4c07 | f00f 842a | 0000 0049 | 8b01 a802 | 0f85 1200 
  0x000001d00745d7a0: 0000 4c8b | c049 83c8 | 01f0 4d0f | b101 0f84 | 0d00 0000 | 4183 8718 | 0600 0008 | e90c 0000 
  0x000001d00745d7c0: 0049 ff8f | 5005 0000 | e93e 0000 | 004c 894a | 0848 8bca | 4883 ec20 | 40f6 c40f | 0f84 1900 
  0x000001d00745d7e0: 0000 4883 | ec08 48b8 | e03f 49ef | f97f 0000 | ffd0 4883 | c408 e90c | 0000 0048 | b8e0 3f49 
  0x000001d00745d800: eff9 7f00 | 00ff d048 | 83c4 204c | 8b6d c049 | ba41 bdd0 | eff9 7f00 | 0041 803a | 000f 843e 
  0x000001d00745d820: 0000 0048 | 8b55 e849 | 8bcf 4883 | ec20 40f6 | c40f 0f84 | 1900 0000 | 4883 ec08 | 48b8 f0f0 
  0x000001d00745d840: 80ef f97f | 0000 ffd0 | 4883 c408 | e90c 0000 | 0048 b8f0 | f080 eff9 | 7f00 00ff | d048 83c4 
  0x000001d00745d860: 2048 8b04 | 2448 83c4 | 10c5 fb10 | 0424 4883 | c410 4c8b | 5d18 41ff | d34c 8b5d | f8c9 5f49 
  0x000001d00745d880: 8be3 ffe7 | ba00 0000 | 00e8 0500 | 0000 e996 | 0000 0048 | 8d44 2408 | 4c89 6dc0 | 498b cfc5 
  0x000001d00745d8a0: f877 4989 | afb0 0300 | 0049 8987 | a003 0000 | 4883 ec20 | 40f6 c40f | 0f84 1900 | 0000 4883 
  0x000001d00745d8c0: ec08 48b8 | 9033 49ef | f97f 0000 | ffd0 4883 | c408 e90c | 0000 0048 | b890 3349 | eff9 7f00 
  0x000001d00745d8e0: 00ff d048 | 83c4 2049 | c787 a003 | 0000 0000 | 0000 49c7 | 87b0 0300 | 0000 0000 | 0049 c787 
  0x000001d00745d900: a803 0000 | 0000 0000 | c5f8 7749 | 837f 0800 | 0f84 0500 | 0000 e9a5 | 35ff ff4c | 8b6d c04c 
  0x000001d00745d920: 8b75 c84e | 8d74 f500 | c348 8b5d | e8e9 26f6 | ffff 660f | 1f44 0000 
[/MachCode]

---------------  P R O C E S S  ---------------

Threads class SMR info:
_java_thread_list=0x000001d05d1f5ac0, length=26, elements={
0x000001d00fa48dc0, 0x000001d00fa4a430, 0x000001d00fa4cbd0, 0x000001d00fa4d630,
0x000001d00fa4e9e0, 0x000001d00fa51da0, 0x000001d00fa606d0, 0x000001d00fa6a0f0,
0x000001d00fc70cb0, 0x000001d00fc749b0, 0x000001d06db1a9e0, 0x000001d056d3a280,
0x000001d055665530, 0x000001d055664180, 0x000001d059689070, 0x000001d05d43c2a0,
0x000001d05d438e20, 0x000001d05d43a860, 0x000001d05d438790, 0x000001d05d436d50,
0x000001d05d4359a0, 0x000001d05d438100, 0x000001d05cd74940, 0x000001d05bd00960,
0x000001d058d61f20, 0x000001d058d62cc0
}

Java Threads: ( => current thread )
  0x000001d00fa48dc0 JavaThread "Reference Handler"          daemon [_thread_blocked, id=16260, stack(0x00000031bc100000,0x00000031bc200000) (1024K)]
  0x000001d00fa4a430 JavaThread "Finalizer"                  daemon [_thread_blocked, id=10892, stack(0x00000031bc200000,0x00000031bc300000) (1024K)]
  0x000001d00fa4cbd0 JavaThread "Signal Dispatcher"          daemon [_thread_blocked, id=17652, stack(0x00000031bc300000,0x00000031bc400000) (1024K)]
  0x000001d00fa4d630 JavaThread "Attach Listener"            daemon [_thread_blocked, id=17596, stack(0x00000031bc400000,0x00000031bc500000) (1024K)]
  0x000001d00fa4e9e0 JavaThread "Service Thread"             daemon [_thread_blocked, id=13984, stack(0x00000031bc500000,0x00000031bc600000) (1024K)]
  0x000001d00fa51da0 JavaThread "Monitor Deflation Thread"   daemon [_thread_blocked, id=6600, stack(0x00000031bc600000,0x00000031bc700000) (1024K)]
  0x000001d00fa606d0 JavaThread "C2 CompilerThread0"         daemon [_thread_blocked, id=10764, stack(0x00000031bc700000,0x00000031bc800000) (1024K)]
  0x000001d00fa6a0f0 JavaThread "C1 CompilerThread0"         daemon [_thread_blocked, id=17084, stack(0x00000031bc800000,0x00000031bc900000) (1024K)]
  0x000001d00fc70cb0 JavaThread "Notification Thread"        daemon [_thread_blocked, id=2024, stack(0x00000031bcb00000,0x00000031bcc00000) (1024K)]
  0x000001d00fc749b0 JavaThread "Common-Cleaner"             daemon [_thread_blocked, id=15456, stack(0x00000031bcc00000,0x00000031bcd00000) (1024K)]
  0x000001d06db1a9e0 JavaThread "DestroyJavaVM"                     [_thread_blocked, id=14960, stack(0x00000031bb900000,0x00000031bba00000) (1024K)]
  0x000001d056d3a280 JavaThread "JNA Cleaner"                daemon [_thread_blocked, id=9488, stack(0x00000031bd300000,0x00000031bd400000) (1024K)]
  0x000001d055665530 JavaThread "Timer hack thread"          daemon [_thread_blocked, id=7040, stack(0x00000031be400000,0x00000031be500000) (1024K)]
  0x000001d055664180 JavaThread "Yggdrasil Key Fetcher"      daemon [_thread_blocked, id=14856, stack(0x00000031be500000,0x00000031be600000) (1024K)]
  0x000001d059689070 JavaThread "Java2D Disposer"            daemon [_thread_blocked, id=10924, stack(0x00000031bf000000,0x00000031bf100000) (1024K)]
  0x000001d05d43c2a0 JavaThread "AWT-Shutdown"                      [_thread_blocked, id=8044, stack(0x00000031bf100000,0x00000031bf200000) (1024K)]
=>0x000001d05d438e20 JavaThread "AWT-Windows"                daemon [_thread_in_native, id=10708, stack(0x00000031bf200000,0x00000031bf300000) (1024K)]
  0x000001d05d43a860 JavaThread "AWT-EventQueue-0"                  [_thread_blocked, id=16728, stack(0x00000031bd000000,0x00000031bd100000) (1024K)]
  0x000001d05d438790 JavaThread "TimerQueue"                 daemon [_thread_blocked, id=12240, stack(0x00000031bf900000,0x00000031bfa00000) (1024K)]
  0x000001d05d436d50 JavaThread "Thread-0"                   daemon [_thread_blocked, id=18256, stack(0x00000031bfa00000,0x00000031bfb00000) (1024K)]
  0x000001d05d4359a0 JavaThread "Server thread"                     [_thread_blocked, id=16500, stack(0x00000031bfb00000,0x00000031bfc00000) (1024K)]
  0x000001d05d438100 JavaThread "D3D Screen Updater"         daemon [_thread_blocked, id=5340, stack(0x00000031bcf00000,0x00000031bd000000) (1024K)]
  0x000001d05cd74940 JavaThread "Netty Server IO #0"         daemon [_thread_in_native, id=16768, stack(0x00000031c0070000,0x00000031c0170000) (1024K)]
  0x000001d05bd00960 JavaThread "Server Watchdog"            daemon [_thread_blocked, id=16576, stack(0x00000031c1380000,0x00000031c1480000) (1024K)]
  0x000001d058d61f20 JavaThread "C2 CompilerThread1"         daemon [_thread_blocked, id=9244, stack(0x00000031bea80000,0x00000031beb80000) (1024K)]
  0x000001d058d62cc0 JavaThread "C2 CompilerThread2"         daemon [_thread_blocked, id=644, stack(0x00000031beb80000,0x00000031bec80000) (1024K)]
Total: 26

Other Threads:
  0x000001d00fa2d420 VMThread "VM Thread"                           [id=16444, stack(0x00000031bc000000,0x00000031bc100000) (1024K)]
  0x000001d00fa1b470 WatcherThread "VM Periodic Task Thread"        [id=7124, stack(0x00000031bbf00000,0x00000031bc000000) (1024K)]
  0x000001d06fe08590 WorkerThread "GC Thread#0"                     [id=2000, stack(0x00000031bba00000,0x00000031bbb00000) (1024K)]
  0x000001d05543f8c0 WorkerThread "GC Thread#1"                     [id=7976, stack(0x00000031bd600000,0x00000031bd700000) (1024K)]
  0x000001d05589ba20 WorkerThread "GC Thread#2"                     [id=16600, stack(0x00000031bd700000,0x00000031bd800000) (1024K)]
  0x000001d055671e20 WorkerThread "GC Thread#3"                     [id=7492, stack(0x00000031bd800000,0x00000031bd900000) (1024K)]
  0x000001d0556721d0 WorkerThread "GC Thread#4"                     [id=12296, stack(0x00000031bd900000,0x00000031bda00000) (1024K)]
  0x000001d0562ca130 WorkerThread "GC Thread#5"                     [id=2248, stack(0x00000031bd400000,0x00000031bd500000) (1024K)]
  0x000001d0562c9d80 WorkerThread "GC Thread#6"                     [id=12284, stack(0x00000031bd500000,0x00000031bd600000) (1024K)]
  0x000001d0562ca4e0 WorkerThread "GC Thread#7"                     [id=14884, stack(0x00000031bda00000,0x00000031bdb00000) (1024K)]
  0x000001d0562ca890 WorkerThread "GC Thread#8"                     [id=14420, stack(0x00000031bdb00000,0x00000031bdc00000) (1024K)]
  0x000001d0562c8ec0 WorkerThread "GC Thread#9"                     [id=14000, stack(0x00000031bdc00000,0x00000031bdd00000) (1024K)]
  0x000001d0562c9270 WorkerThread "GC Thread#10"                    [id=920, stack(0x00000031bdd00000,0x00000031bde00000) (1024K)]
  0x000001d056363be0 WorkerThread "GC Thread#11"                    [id=11892, stack(0x00000031bde00000,0x00000031bdf00000) (1024K)]
  0x000001d056362d20 WorkerThread "GC Thread#12"                    [id=16952, stack(0x00000031bdf00000,0x00000031be000000) (1024K)]
  0x000001d06fe1d270 ConcurrentGCThread "G1 Main Marker"            [id=2112, stack(0x00000031bbb00000,0x00000031bbc00000) (1024K)]
  0x000001d06fe1f0a0 WorkerThread "G1 Conc#0"                       [id=12336, stack(0x00000031bbc00000,0x00000031bbd00000) (1024K)]
  0x000001d056364aa0 WorkerThread "G1 Conc#1"                       [id=13124, stack(0x00000031bd100000,0x00000031bd200000) (1024K)]
  0x000001d0563625c0 WorkerThread "G1 Conc#2"                       [id=14240, stack(0x00000031bd200000,0x00000031bd300000) (1024K)]
  0x000001d00f8ee5c0 ConcurrentGCThread "G1 Refine#0"               [id=13204, stack(0x00000031bbd00000,0x00000031bbe00000) (1024K)]
  0x000001d00f8eef50 ConcurrentGCThread "G1 Service"                [id=18020, stack(0x00000031bbe00000,0x00000031bbf00000) (1024K)]
Total: 21

Threads with active compile tasks:
Total: 0

VM state: not at safepoint (normal execution)

VM Mutex/Monitor currently owned by a thread: None

Heap address: 0x0000000709600000, size: 3946 MB, Compressed Oops mode: Zero based, Oop shift amount: 3

CDS archive(s) mapped at: [0x000001d010000000-0x000001d010d70000-0x000001d010d70000), size 14090240, SharedBaseAddress: 0x000001d010000000, ArchiveRelocationMode: 1.
Compressed class space mapped at: 0x000001d011000000-0x000001d051000000, reserved size: 1073741824
Narrow klass base: 0x000001d010000000, Narrow klass shift: 0, Narrow klass range: 0x41000000

GC Precious Log:
 CardTable entry size: 512
 Card Set container configuration: InlinePtr #cards 4 size 8 Array Of Cards #cards 16 size 48 Howl #buckets 8 coarsen threshold 3686 Howl Bitmap #cards 512 size 80 coarsen threshold 460 Card regions per heap region 1 cards per card region 4096
 CPUs: 16 total, 16 available
 Memory: 15776M
 Large Page Support: Disabled
 NUMA Support: Disabled
 Compressed Oops: Enabled (Zero based)
 Heap Region Size: 2M
 Heap Min Capacity: 8M
 Heap Initial Capacity: 248M
 Heap Max Capacity: 3946M
 Pre-touch: Disabled
 Parallel Workers: 13
 Concurrent Workers: 3
 Concurrent Refinement Workers: 13
 Periodic GC: Disabled

Heap:
 garbage-first heap   total reserved 4040704K, committed 368640K, used 147299K [0x0000000709600000, 0x0000000800000000)
  region size 2048K, 8 young (16384K), 6 survivors (12288K)
 Metaspace       used 93922K, committed 94912K, reserved 1179648K
  class space    used 14902K, committed 15296K, reserved 1048576K

Heap Regions: E=young(eden), S=young(survivor), O=old, HS=humongous(starts), HC=humongous(continues), CS=collection set, F=free, TAMS=top-at-mark-start, PB=parsable bottom
|   0|0x0000000709600000, 0x0000000709800000, 0x0000000709800000|100%|HS|  |TAMS 0x0000000709600000| PB 0x0000000709600000| Complete |  0
|   1|0x0000000709800000, 0x0000000709a00000, 0x0000000709a00000|100%| O|  |TAMS 0x0000000709800000| PB 0x0000000709800000| Untracked |  0
|   2|0x0000000709a00000, 0x0000000709c00000, 0x0000000709c00000|100%| O|  |TAMS 0x0000000709a00000| PB 0x0000000709a00000| Untracked |  0
|   3|0x0000000709c00000, 0x0000000709e00000, 0x0000000709e00000|100%| O|  |TAMS 0x0000000709c00000| PB 0x0000000709c00000| Untracked |  0
|   4|0x0000000709e00000, 0x000000070a000000, 0x000000070a000000|100%| O|  |TAMS 0x0000000709e00000| PB 0x0000000709e00000| Untracked |  0
|   5|0x000000070a000000, 0x000000070a200000, 0x000000070a200000|100%| O|  |TAMS 0x000000070a000000| PB 0x000000070a000000| Untracked |  0
|   6|0x000000070a200000, 0x000000070a400000, 0x000000070a400000|100%| O|  |TAMS 0x000000070a200000| PB 0x000000070a200000| Untracked |  0
|   7|0x000000070a400000, 0x000000070a600000, 0x000000070a600000|100%| O|  |TAMS 0x000000070a400000| PB 0x000000070a400000| Untracked |  0
|   8|0x000000070a600000, 0x000000070a800000, 0x000000070a800000|100%| O|Cm|TAMS 0x000000070a600000| PB 0x000000070a600000| Complete |  0
|   9|0x000000070a800000, 0x000000070aa00000, 0x000000070aa00000|100%|HS|  |TAMS 0x000000070a800000| PB 0x000000070a800000| Complete |  0
|  10|0x000000070aa00000, 0x000000070ac00000, 0x000000070ac00000|100%|HS|  |TAMS 0x000000070aa00000| PB 0x000000070aa00000| Complete |  0
|  11|0x000000070ac00000, 0x000000070ae00000, 0x000000070ae00000|100%| O|  |TAMS 0x000000070ac00000| PB 0x000000070ac00000| Untracked |  0
|  12|0x000000070ae00000, 0x000000070b000000, 0x000000070b000000|100%| O|  |TAMS 0x000000070ae00000| PB 0x000000070ae00000| Untracked |  0
|  13|0x000000070b000000, 0x000000070b200000, 0x000000070b200000|100%| O|  |TAMS 0x000000070b000000| PB 0x000000070b000000| Untracked |  0
|  14|0x000000070b200000, 0x000000070b400000, 0x000000070b400000|100%| O|  |TAMS 0x000000070b200000| PB 0x000000070b200000| Untracked |  0
|  15|0x000000070b400000, 0x000000070b600000, 0x000000070b600000|100%| O|  |TAMS 0x000000070b400000| PB 0x000000070b400000| Untracked |  0
|  16|0x000000070b600000, 0x000000070b800000, 0x000000070b800000|100%| O|  |TAMS 0x000000070b600000| PB 0x000000070b600000| Untracked |  0
|  17|0x000000070b800000, 0x000000070ba00000, 0x000000070ba00000|100%| O|  |TAMS 0x000000070b800000| PB 0x000000070b800000| Untracked |  0
|  18|0x000000070ba00000, 0x000000070bc00000, 0x000000070bc00000|100%|HS|  |TAMS 0x000000070ba00000| PB 0x000000070ba00000| Complete |  0
|  19|0x000000070bc00000, 0x000000070be00000, 0x000000070be00000|100%|HC|  |TAMS 0x000000070bc00000| PB 0x000000070bc00000| Complete |  0
|  20|0x000000070be00000, 0x000000070c000000, 0x000000070c000000|100%|HC|  |TAMS 0x000000070be00000| PB 0x000000070be00000| Complete |  0
|  21|0x000000070c000000, 0x000000070c200000, 0x000000070c200000|100%|HC|  |TAMS 0x000000070c000000| PB 0x000000070c000000| Complete |  0
|  22|0x000000070c200000, 0x000000070c400000, 0x000000070c400000|100%|HC|  |TAMS 0x000000070c200000| PB 0x000000070c200000| Complete |  0
|  23|0x000000070c400000, 0x000000070c600000, 0x000000070c600000|100%|HC|  |TAMS 0x000000070c400000| PB 0x000000070c400000| Complete |  0
|  24|0x000000070c600000, 0x000000070c800000, 0x000000070c800000|100%| O|  |TAMS 0x000000070c600000| PB 0x000000070c600000| Untracked |  0
|  25|0x000000070c800000, 0x000000070ca00000, 0x000000070ca00000|100%| O|  |TAMS 0x000000070c800000| PB 0x000000070c800000| Untracked |  0
|  26|0x000000070ca00000, 0x000000070cc00000, 0x000000070cc00000|100%| O|  |TAMS 0x000000070ca00000| PB 0x000000070ca00000| Untracked |  0
|  27|0x000000070cc00000, 0x000000070ce00000, 0x000000070ce00000|100%| O|  |TAMS 0x000000070cc00000| PB 0x000000070cc00000| Untracked |  0
|  28|0x000000070ce00000, 0x000000070d000000, 0x000000070d000000|100%| O|  |TAMS 0x000000070ce00000| PB 0x000000070ce00000| Untracked |  0
|  29|0x000000070d000000, 0x000000070d200000, 0x000000070d200000|100%| O|  |TAMS 0x000000070d000000| PB 0x000000070d000000| Untracked |  0
|  30|0x000000070d200000, 0x000000070d400000, 0x000000070d400000|100%| O|  |TAMS 0x000000070d200000| PB 0x000000070d200000| Untracked |  0
|  31|0x000000070d400000, 0x000000070d600000, 0x000000070d600000|100%| O|  |TAMS 0x000000070d400000| PB 0x000000070d400000| Untracked |  0
|  32|0x000000070d600000, 0x000000070d800000, 0x000000070d800000|100%|HS|  |TAMS 0x000000070d600000| PB 0x000000070d600000| Complete |  0
|  33|0x000000070d800000, 0x000000070da00000, 0x000000070da00000|100%| O|  |TAMS 0x000000070d800000| PB 0x000000070d800000| Untracked |  0
|  34|0x000000070da00000, 0x000000070dc00000, 0x000000070dc00000|100%| O|Cm|TAMS 0x000000070da00000| PB 0x000000070da00000| Complete |  0
|  35|0x000000070dc00000, 0x000000070de00000, 0x000000070de00000|100%| O|  |TAMS 0x000000070dc00000| PB 0x000000070dc00000| Untracked |  0
|  36|0x000000070de00000, 0x000000070e000000, 0x000000070e000000|100%| O|  |TAMS 0x000000070de00000| PB 0x000000070de00000| Untracked |  0
|  37|0x000000070e000000, 0x000000070e200000, 0x000000070e200000|100%| O|  |TAMS 0x000000070e000000| PB 0x000000070e000000| Untracked |  0
|  38|0x000000070e200000, 0x000000070e400000, 0x000000070e400000|100%| O|  |TAMS 0x000000070e200000| PB 0x000000070e200000| Untracked |  0
|  39|0x000000070e400000, 0x000000070e600000, 0x000000070e600000|100%| O|  |TAMS 0x000000070e400000| PB 0x000000070e400000| Untracked |  0
|  40|0x000000070e600000, 0x000000070e800000, 0x000000070e800000|100%| O|  |TAMS 0x000000070e600000| PB 0x000000070e600000| Untracked |  0
|  41|0x000000070e800000, 0x000000070ea00000, 0x000000070ea00000|100%| O|  |TAMS 0x000000070e800000| PB 0x000000070e800000| Untracked |  0
|  42|0x000000070ea00000, 0x000000070ec00000, 0x000000070ec00000|100%|HS|  |TAMS 0x000000070ea00000| PB 0x000000070ea00000| Complete |  0
|  43|0x000000070ec00000, 0x000000070ee00000, 0x000000070ee00000|100%| O|  |TAMS 0x000000070ec00000| PB 0x000000070ec00000| Untracked |  0
|  44|0x000000070ee00000, 0x000000070f000000, 0x000000070f000000|100%| O|  |TAMS 0x000000070ee00000| PB 0x000000070ee00000| Untracked |  0
|  45|0x000000070f000000, 0x000000070f200000, 0x000000070f200000|100%| O|  |TAMS 0x000000070f000000| PB 0x000000070f000000| Untracked |  0
|  46|0x000000070f200000, 0x000000070f400000, 0x000000070f400000|100%| O|  |TAMS 0x000000070f200000| PB 0x000000070f200000| Untracked |  0
|  47|0x000000070f400000, 0x000000070f600000, 0x000000070f600000|100%| O|  |TAMS 0x000000070f400000| PB 0x000000070f400000| Untracked |  0
|  48|0x000000070f600000, 0x000000070f800000, 0x000000070f800000|100%| O|  |TAMS 0x000000070f600000| PB 0x000000070f600000| Untracked |  0
|  49|0x000000070f800000, 0x000000070fa00000, 0x000000070fa00000|100%| O|  |TAMS 0x000000070f800000| PB 0x000000070f800000| Untracked |  0
|  50|0x000000070fa00000, 0x000000070fc00000, 0x000000070fc00000|100%| O|  |TAMS 0x000000070fa00000| PB 0x000000070fa00000| Untracked |  0
|  51|0x000000070fc00000, 0x000000070fe00000, 0x000000070fe00000|100%| O|  |TAMS 0x000000070fc00000| PB 0x000000070fc00000| Untracked |  0
|  52|0x000000070fe00000, 0x0000000710000000, 0x0000000710000000|100%| O|  |TAMS 0x000000070fe00000| PB 0x000000070fe00000| Untracked |  0
|  53|0x0000000710000000, 0x0000000710200000, 0x0000000710200000|100%| O|  |TAMS 0x0000000710000000| PB 0x0000000710000000| Untracked |  0
|  54|0x0000000710200000, 0x0000000710400000, 0x0000000710400000|100%| O|  |TAMS 0x0000000710200000| PB 0x0000000710200000| Untracked |  0
|  55|0x0000000710400000, 0x0000000710600000, 0x0000000710600000|100%| O|  |TAMS 0x0000000710400000| PB 0x0000000710400000| Untracked |  0
|  56|0x0000000710600000, 0x0000000710800000, 0x0000000710800000|100%| O|  |TAMS 0x0000000710600000| PB 0x0000000710600000| Untracked |  0
|  57|0x0000000710800000, 0x0000000710a00000, 0x0000000710a00000|100%| O|  |TAMS 0x0000000710800000| PB 0x0000000710800000| Untracked |  0
|  58|0x0000000710a00000, 0x0000000710c00000, 0x0000000710c00000|100%| O|  |TAMS 0x0000000710a00000| PB 0x0000000710a00000| Untracked |  0
|  59|0x0000000710c00000, 0x0000000710d12880, 0x0000000710e00000| 53%| O|  |TAMS 0x0000000710c00000| PB 0x0000000710c00000| Untracked |  0
|  60|0x0000000710e00000, 0x0000000711000000, 0x0000000711000000|100%|HS|  |TAMS 0x0000000710e00000| PB 0x0000000710e00000| Complete |  0
|  61|0x0000000711000000, 0x0000000711200000, 0x0000000711200000|100%|HS|  |TAMS 0x0000000711000000| PB 0x0000000711000000| Complete |  0
|  62|0x0000000711200000, 0x0000000711400000, 0x0000000711400000|100%|HS|  |TAMS 0x0000000711200000| PB 0x0000000711200000| Complete |  0
|  63|0x0000000711400000, 0x0000000711600000, 0x0000000711600000|100%|HS|  |TAMS 0x0000000711400000| PB 0x0000000711400000| Complete |  0
|  64|0x0000000711600000, 0x0000000711800000, 0x0000000711800000|100%|HS|  |TAMS 0x0000000711600000| PB 0x0000000711600000| Complete |  0
|  65|0x0000000711800000, 0x0000000711a00000, 0x0000000711a00000|100%|HS|  |TAMS 0x0000000711800000| PB 0x0000000711800000| Complete |  0
|  66|0x0000000711a00000, 0x0000000711a00000, 0x0000000711c00000|  0%| F|  |TAMS 0x0000000711a00000| PB 0x0000000711a00000| Untracked |  0
|  67|0x0000000711c00000, 0x0000000711c00000, 0x0000000711e00000|  0%| F|  |TAMS 0x0000000711c00000| PB 0x0000000711c00000| Untracked |  0
|  68|0x0000000711e00000, 0x0000000711e00000, 0x0000000712000000|  0%| F|  |TAMS 0x0000000711e00000| PB 0x0000000711e00000| Untracked |  0
|  69|0x0000000712000000, 0x0000000712000000, 0x0000000712200000|  0%| F|  |TAMS 0x0000000712000000| PB 0x0000000712000000| Untracked |  0
|  70|0x0000000712200000, 0x0000000712200000, 0x0000000712400000|  0%| F|  |TAMS 0x0000000712200000| PB 0x0000000712200000| Untracked |  0
|  71|0x0000000712400000, 0x0000000712400000, 0x0000000712600000|  0%| F|  |TAMS 0x0000000712400000| PB 0x0000000712400000| Untracked |  0
|  72|0x0000000712600000, 0x0000000712600000, 0x0000000712800000|  0%| F|  |TAMS 0x0000000712600000| PB 0x0000000712600000| Untracked |  0
|  73|0x0000000712800000, 0x0000000712800000, 0x0000000712a00000|  0%| F|  |TAMS 0x0000000712800000| PB 0x0000000712800000| Untracked |  0
|  74|0x0000000712a00000, 0x0000000712a00000, 0x0000000712c00000|  0%| F|  |TAMS 0x0000000712a00000| PB 0x0000000712a00000| Untracked |  0
|  75|0x0000000712c00000, 0x0000000712c00000, 0x0000000712e00000|  0%| F|  |TAMS 0x0000000712c00000| PB 0x0000000712c00000| Untracked |  0
|  76|0x0000000712e00000, 0x0000000712e00000, 0x0000000713000000|  0%| F|  |TAMS 0x0000000712e00000| PB 0x0000000712e00000| Untracked |  0
|  77|0x0000000713000000, 0x0000000713000000, 0x0000000713200000|  0%| F|  |TAMS 0x0000000713000000| PB 0x0000000713000000| Untracked |  0
|  78|0x0000000713200000, 0x0000000713200000, 0x0000000713400000|  0%| F|  |TAMS 0x0000000713200000| PB 0x0000000713200000| Untracked |  0
|  79|0x0000000713400000, 0x0000000713400000, 0x0000000713600000|  0%| F|  |TAMS 0x0000000713400000| PB 0x0000000713400000| Untracked |  0
|  80|0x0000000713600000, 0x0000000713600000, 0x0000000713800000|  0%| F|  |TAMS 0x0000000713600000| PB 0x0000000713600000| Untracked |  0
|  81|0x0000000713800000, 0x0000000713800000, 0x0000000713a00000|  0%| F|  |TAMS 0x0000000713800000| PB 0x0000000713800000| Untracked |  0
|  82|0x0000000713a00000, 0x0000000713a00000, 0x0000000713c00000|  0%| F|  |TAMS 0x0000000713a00000| PB 0x0000000713a00000| Untracked |  0
|  83|0x0000000713c00000, 0x0000000713c00000, 0x0000000713e00000|  0%| F|  |TAMS 0x0000000713c00000| PB 0x0000000713c00000| Untracked |  0
|  84|0x0000000713e00000, 0x0000000713e00000, 0x0000000714000000|  0%| F|  |TAMS 0x0000000713e00000| PB 0x0000000713e00000| Untracked |  0
|  85|0x0000000714000000, 0x0000000714000000, 0x0000000714200000|  0%| F|  |TAMS 0x0000000714000000| PB 0x0000000714000000| Untracked |  0
|  86|0x0000000714200000, 0x0000000714200000, 0x0000000714400000|  0%| F|  |TAMS 0x0000000714200000| PB 0x0000000714200000| Untracked |  0
|  87|0x0000000714400000, 0x0000000714400000, 0x0000000714600000|  0%| F|  |TAMS 0x0000000714400000| PB 0x0000000714400000| Untracked |  0
|  88|0x0000000714600000, 0x0000000714600000, 0x0000000714800000|  0%| F|  |TAMS 0x0000000714600000| PB 0x0000000714600000| Untracked |  0
|  89|0x0000000714800000, 0x0000000714800000, 0x0000000714a00000|  0%| F|  |TAMS 0x0000000714800000| PB 0x0000000714800000| Untracked |  0
|  90|0x0000000714a00000, 0x0000000714a00000, 0x0000000714c00000|  0%| F|  |TAMS 0x0000000714a00000| PB 0x0000000714a00000| Untracked |  0
|  91|0x0000000714c00000, 0x0000000714c00000, 0x0000000714e00000|  0%| F|  |TAMS 0x0000000714c00000| PB 0x0000000714c00000| Untracked |  0
|  92|0x0000000714e00000, 0x0000000714e00000, 0x0000000715000000|  0%| F|  |TAMS 0x0000000714e00000| PB 0x0000000714e00000| Untracked |  0
|  93|0x0000000715000000, 0x0000000715000000, 0x0000000715200000|  0%| F|  |TAMS 0x0000000715000000| PB 0x0000000715000000| Untracked |  0
|  94|0x0000000715200000, 0x0000000715200000, 0x0000000715400000|  0%| F|  |TAMS 0x0000000715200000| PB 0x0000000715200000| Untracked |  0
|  95|0x0000000715400000, 0x0000000715400000, 0x0000000715600000|  0%| F|  |TAMS 0x0000000715400000| PB 0x0000000715400000| Untracked |  0
|  96|0x0000000715600000, 0x0000000715600000, 0x0000000715800000|  0%| F|  |TAMS 0x0000000715600000| PB 0x0000000715600000| Untracked |  0
|  97|0x0000000715800000, 0x0000000715800000, 0x0000000715a00000|  0%| F|  |TAMS 0x0000000715800000| PB 0x0000000715800000| Untracked |  0
|  98|0x0000000715a00000, 0x0000000715a00000, 0x0000000715c00000|  0%| F|  |TAMS 0x0000000715a00000| PB 0x0000000715a00000| Untracked |  0
|  99|0x0000000715c00000, 0x0000000715c00000, 0x0000000715e00000|  0%| F|  |TAMS 0x0000000715c00000| PB 0x0000000715c00000| Untracked |  0
| 100|0x0000000715e00000, 0x0000000715e00000, 0x0000000716000000|  0%| F|  |TAMS 0x0000000715e00000| PB 0x0000000715e00000| Untracked |  0
| 101|0x0000000716000000, 0x0000000716000000, 0x0000000716200000|  0%| F|  |TAMS 0x0000000716000000| PB 0x0000000716000000| Untracked |  0
| 102|0x0000000716200000, 0x0000000716200000, 0x0000000716400000|  0%| F|  |TAMS 0x0000000716200000| PB 0x0000000716200000| Untracked |  0
| 103|0x0000000716400000, 0x0000000716400000, 0x0000000716600000|  0%| F|  |TAMS 0x0000000716400000| PB 0x0000000716400000| Untracked |  0
| 104|0x0000000716600000, 0x0000000716600000, 0x0000000716800000|  0%| F|  |TAMS 0x0000000716600000| PB 0x0000000716600000| Untracked |  0
| 105|0x0000000716800000, 0x0000000716800000, 0x0000000716a00000|  0%| F|  |TAMS 0x0000000716800000| PB 0x0000000716800000| Untracked |  0
| 106|0x0000000716a00000, 0x0000000716a00000, 0x0000000716c00000|  0%| F|  |TAMS 0x0000000716a00000| PB 0x0000000716a00000| Untracked |  0
| 107|0x0000000716c00000, 0x0000000716c00000, 0x0000000716e00000|  0%| F|  |TAMS 0x0000000716c00000| PB 0x0000000716c00000| Untracked |  0
| 108|0x0000000716e00000, 0x0000000716e00000, 0x0000000717000000|  0%| F|  |TAMS 0x0000000716e00000| PB 0x0000000716e00000| Untracked |  0
| 109|0x0000000717000000, 0x0000000717000000, 0x0000000717200000|  0%| F|  |TAMS 0x0000000717000000| PB 0x0000000717000000| Untracked |  0
| 110|0x0000000717200000, 0x0000000717200000, 0x0000000717400000|  0%| F|  |TAMS 0x0000000717200000| PB 0x0000000717200000| Untracked |  0
| 111|0x0000000717400000, 0x0000000717400000, 0x0000000717600000|  0%| F|  |TAMS 0x0000000717400000| PB 0x0000000717400000| Untracked |  0
| 112|0x0000000717600000, 0x0000000717600000, 0x0000000717800000|  0%| F|  |TAMS 0x0000000717600000| PB 0x0000000717600000| Untracked |  0
| 113|0x0000000717800000, 0x0000000717800000, 0x0000000717a00000|  0%| F|  |TAMS 0x0000000717800000| PB 0x0000000717800000| Untracked |  0
| 114|0x0000000717a00000, 0x0000000717a00000, 0x0000000717c00000|  0%| F|  |TAMS 0x0000000717a00000| PB 0x0000000717a00000| Untracked |  0
| 115|0x0000000717c00000, 0x0000000717c00000, 0x0000000717e00000|  0%| F|  |TAMS 0x0000000717c00000| PB 0x0000000717c00000| Untracked |  0
| 116|0x0000000717e00000, 0x0000000717e00000, 0x0000000718000000|  0%| F|  |TAMS 0x0000000717e00000| PB 0x0000000717e00000| Untracked |  0
| 117|0x0000000718000000, 0x0000000718000000, 0x0000000718200000|  0%| F|  |TAMS 0x0000000718000000| PB 0x0000000718000000| Untracked |  0
| 118|0x0000000718200000, 0x0000000718200000, 0x0000000718400000|  0%| F|  |TAMS 0x0000000718200000| PB 0x0000000718200000| Untracked |  0
| 119|0x0000000718400000, 0x0000000718400000, 0x0000000718600000|  0%| F|  |TAMS 0x0000000718400000| PB 0x0000000718400000| Untracked |  0
| 120|0x0000000718600000, 0x0000000718600000, 0x0000000718800000|  0%| F|  |TAMS 0x0000000718600000| PB 0x0000000718600000| Untracked |  0
| 121|0x0000000718800000, 0x0000000718800000, 0x0000000718a00000|  0%| F|  |TAMS 0x0000000718800000| PB 0x0000000718800000| Untracked |  0
| 122|0x0000000718a00000, 0x0000000718a00000, 0x0000000718c00000|  0%| F|  |TAMS 0x0000000718a00000| PB 0x0000000718a00000| Untracked |  0
| 123|0x0000000718c00000, 0x0000000718c00000, 0x0000000718e00000|  0%| F|  |TAMS 0x0000000718c00000| PB 0x0000000718c00000| Untracked |  0
| 124|0x0000000718e00000, 0x0000000718e00000, 0x0000000719000000|  0%| F|  |TAMS 0x0000000718e00000| PB 0x0000000718e00000| Untracked |  0
| 125|0x0000000719000000, 0x0000000719000000, 0x0000000719200000|  0%| F|  |TAMS 0x0000000719000000| PB 0x0000000719000000| Untracked |  0
| 126|0x0000000719200000, 0x0000000719200000, 0x0000000719400000|  0%| F|  |TAMS 0x0000000719200000| PB 0x0000000719200000| Untracked |  0
| 127|0x0000000719400000, 0x0000000719400000, 0x0000000719600000|  0%| F|  |TAMS 0x0000000719400000| PB 0x0000000719400000| Untracked |  0
| 128|0x0000000719600000, 0x0000000719600000, 0x0000000719800000|  0%| F|  |TAMS 0x0000000719600000| PB 0x0000000719600000| Untracked |  0
| 129|0x0000000719800000, 0x0000000719800000, 0x0000000719a00000|  0%| F|  |TAMS 0x0000000719800000| PB 0x0000000719800000| Untracked |  0
| 130|0x0000000719a00000, 0x0000000719a00000, 0x0000000719c00000|  0%| F|  |TAMS 0x0000000719a00000| PB 0x0000000719a00000| Untracked |  0
| 131|0x0000000719c00000, 0x0000000719c00000, 0x0000000719e00000|  0%| F|  |TAMS 0x0000000719c00000| PB 0x0000000719c00000| Untracked |  0
| 132|0x0000000719e00000, 0x0000000719e00000, 0x000000071a000000|  0%| F|  |TAMS 0x0000000719e00000| PB 0x0000000719e00000| Untracked |  0
| 133|0x000000071a000000, 0x000000071a000000, 0x000000071a200000|  0%| F|  |TAMS 0x000000071a000000| PB 0x000000071a000000| Untracked |  0
| 134|0x000000071a200000, 0x000000071a200000, 0x000000071a400000|  0%| F|  |TAMS 0x000000071a200000| PB 0x000000071a200000| Untracked |  0
| 135|0x000000071a400000, 0x000000071a400000, 0x000000071a600000|  0%| F|  |TAMS 0x000000071a400000| PB 0x000000071a400000| Untracked |  0
| 136|0x000000071a600000, 0x000000071a600000, 0x000000071a800000|  0%| F|  |TAMS 0x000000071a600000| PB 0x000000071a600000| Untracked |  0
| 137|0x000000071a800000, 0x000000071a800000, 0x000000071aa00000|  0%| F|  |TAMS 0x000000071a800000| PB 0x000000071a800000| Untracked |  0
| 138|0x000000071aa00000, 0x000000071aa00000, 0x000000071ac00000|  0%| F|  |TAMS 0x000000071aa00000| PB 0x000000071aa00000| Untracked |  0
| 139|0x000000071ac00000, 0x000000071ac00000, 0x000000071ae00000|  0%| F|  |TAMS 0x000000071ac00000| PB 0x000000071ac00000| Untracked |  0
| 140|0x000000071ae00000, 0x000000071ae00000, 0x000000071b000000|  0%| F|  |TAMS 0x000000071ae00000| PB 0x000000071ae00000| Untracked |  0
| 141|0x000000071b000000, 0x000000071b000000, 0x000000071b200000|  0%| F|  |TAMS 0x000000071b000000| PB 0x000000071b000000| Untracked |  0
| 142|0x000000071b200000, 0x000000071b200000, 0x000000071b400000|  0%| F|  |TAMS 0x000000071b200000| PB 0x000000071b200000| Untracked |  0
| 143|0x000000071b400000, 0x000000071b400000, 0x000000071b600000|  0%| F|  |TAMS 0x000000071b400000| PB 0x000000071b400000| Untracked |  0
| 144|0x000000071b600000, 0x000000071b600000, 0x000000071b800000|  0%| F|  |TAMS 0x000000071b600000| PB 0x000000071b600000| Untracked |  0
| 145|0x000000071b800000, 0x000000071b800000, 0x000000071ba00000|  0%| F|  |TAMS 0x000000071b800000| PB 0x000000071b800000| Untracked |  0
| 146|0x000000071ba00000, 0x000000071ba00000, 0x000000071bc00000|  0%| F|  |TAMS 0x000000071ba00000| PB 0x000000071ba00000| Untracked |  0
| 147|0x000000071bc00000, 0x000000071bc00000, 0x000000071be00000|  0%| F|  |TAMS 0x000000071bc00000| PB 0x000000071bc00000| Untracked |  0
| 148|0x000000071be00000, 0x000000071be00000, 0x000000071c000000|  0%| F|  |TAMS 0x000000071be00000| PB 0x000000071be00000| Untracked |  0
| 149|0x000000071c000000, 0x000000071c000000, 0x000000071c200000|  0%| F|  |TAMS 0x000000071c000000| PB 0x000000071c000000| Untracked |  0
| 150|0x000000071c200000, 0x000000071c200000, 0x000000071c400000|  0%| F|  |TAMS 0x000000071c200000| PB 0x000000071c200000| Untracked |  0
| 151|0x000000071c400000, 0x000000071c400000, 0x000000071c600000|  0%| F|  |TAMS 0x000000071c400000| PB 0x000000071c400000| Untracked |  0
| 152|0x000000071c600000, 0x000000071c600000, 0x000000071c800000|  0%| F|  |TAMS 0x000000071c600000| PB 0x000000071c600000| Untracked |  0
| 153|0x000000071c800000, 0x000000071c800000, 0x000000071ca00000|  0%| F|  |TAMS 0x000000071c800000| PB 0x000000071c800000| Untracked |  0
| 154|0x000000071ca00000, 0x000000071ca00000, 0x000000071cc00000|  0%| F|  |TAMS 0x000000071ca00000| PB 0x000000071ca00000| Untracked |  0
| 155|0x000000071cc00000, 0x000000071cc00000, 0x000000071ce00000|  0%| F|  |TAMS 0x000000071cc00000| PB 0x000000071cc00000| Untracked |  0
| 156|0x000000071ce00000, 0x000000071ce00000, 0x000000071d000000|  0%| F|  |TAMS 0x000000071ce00000| PB 0x000000071ce00000| Untracked |  0
| 157|0x000000071d000000, 0x000000071d000000, 0x000000071d200000|  0%| F|  |TAMS 0x000000071d000000| PB 0x000000071d000000| Untracked |  0
| 158|0x000000071d200000, 0x000000071d200000, 0x000000071d400000|  0%| F|  |TAMS 0x000000071d200000| PB 0x000000071d200000| Untracked |  0
| 159|0x000000071d400000, 0x000000071d400000, 0x000000071d600000|  0%| F|  |TAMS 0x000000071d400000| PB 0x000000071d400000| Untracked |  0
| 160|0x000000071d600000, 0x000000071d600000, 0x000000071d800000|  0%| F|  |TAMS 0x000000071d600000| PB 0x000000071d600000| Untracked |  0
| 161|0x000000071d800000, 0x000000071d800000, 0x000000071da00000|  0%| F|  |TAMS 0x000000071d800000| PB 0x000000071d800000| Untracked |  0
| 162|0x000000071da00000, 0x000000071da00000, 0x000000071dc00000|  0%| F|  |TAMS 0x000000071da00000| PB 0x000000071da00000| Untracked |  0
| 163|0x000000071dc00000, 0x000000071dc00000, 0x000000071de00000|  0%| F|  |TAMS 0x000000071dc00000| PB 0x000000071dc00000| Untracked |  0
| 164|0x000000071de00000, 0x000000071de00000, 0x000000071e000000|  0%| F|  |TAMS 0x000000071de00000| PB 0x000000071de00000| Untracked |  0
| 165|0x000000071e000000, 0x000000071e000000, 0x000000071e200000|  0%| F|  |TAMS 0x000000071e000000| PB 0x000000071e000000| Untracked |  0
| 166|0x000000071e200000, 0x000000071e200000, 0x000000071e400000|  0%| F|  |TAMS 0x000000071e200000| PB 0x000000071e200000| Untracked |  0
| 167|0x000000071e400000, 0x000000071e400000, 0x000000071e600000|  0%| F|  |TAMS 0x000000071e400000| PB 0x000000071e400000| Untracked |  0
| 168|0x000000071e600000, 0x000000071e600000, 0x000000071e800000|  0%| F|  |TAMS 0x000000071e600000| PB 0x000000071e600000| Untracked |  0
| 169|0x000000071e800000, 0x000000071e800000, 0x000000071ea00000|  0%| F|  |TAMS 0x000000071e800000| PB 0x000000071e800000| Untracked |  0
| 170|0x000000071ea00000, 0x000000071ea00000, 0x000000071ec00000|  0%| F|  |TAMS 0x000000071ea00000| PB 0x000000071ea00000| Untracked |  0
| 171|0x000000071ec00000, 0x000000071ecc6498, 0x000000071ee00000| 38%| S|CS|TAMS 0x000000071ec00000| PB 0x000000071ec00000| Complete |  0
| 172|0x000000071ee00000, 0x000000071f000000, 0x000000071f000000|100%| S|CS|TAMS 0x000000071ee00000| PB 0x000000071ee00000| Complete |  0
| 173|0x000000071f000000, 0x000000071f200000, 0x000000071f200000|100%| S|CS|TAMS 0x000000071f000000| PB 0x000000071f000000| Complete |  0
| 174|0x000000071f200000, 0x000000071f400000, 0x000000071f400000|100%| S|CS|TAMS 0x000000071f200000| PB 0x000000071f200000| Complete |  0
| 175|0x000000071f400000, 0x000000071f600000, 0x000000071f600000|100%| S|CS|TAMS 0x000000071f400000| PB 0x000000071f400000| Complete |  0
| 176|0x000000071f600000, 0x000000071f800000, 0x000000071f800000|100%| S|CS|TAMS 0x000000071f600000| PB 0x000000071f600000| Complete |  0
| 177|0x000000071f800000, 0x000000071f800000, 0x000000071fa00000|  0%| F|  |TAMS 0x000000071f800000| PB 0x000000071f800000| Untracked |  0
| 178|0x000000071fa00000, 0x000000071fb01118, 0x000000071fc00000| 50%| E|  |TAMS 0x000000071fa00000| PB 0x000000071fa00000| Complete |  0
| 179|0x000000071fc00000, 0x000000071fe00000, 0x000000071fe00000|100%| E|CS|TAMS 0x000000071fc00000| PB 0x000000071fc00000| Complete |  0

Card table byte_map: [0x000001d079530000,0x000001d079cf0000] _byte_map_base: 0x000001d075ce5000

Marking Bits: (CMBitMap*) 0x000001d06fe08bb0
 Bits: [0x000001d079cf0000, 0x000001d07da98000)

Polling page: 0x000001d06dac0000

Metaspace:

Usage:
  Non-class:     77.17 MB used.
      Class:     14.55 MB used.
       Both:     91.72 MB used.

Virtual space:
  Non-class space:      128.00 MB reserved,      77.75 MB ( 61%) committed,  2 nodes.
      Class space:        1.00 GB reserved,      14.94 MB (  1%) committed,  1 nodes.
             Both:        1.12 GB reserved,      92.69 MB (  8%) committed. 

Chunk freelists:
   Non-Class:  2.34 MB
       Class:  1.12 MB
        Both:  3.46 MB

MaxMetaspaceSize: unlimited
CompressedClassSpaceSize: 1.00 GB
Initial GC threshold: 21.00 MB
Current GC threshold: 154.00 MB
CDS: on
 - commit_granule_bytes: 65536.
 - commit_granule_words: 8192.
 - virtual_space_node_default_size: 8388608.
 - enlarge_chunks_in_place: 1.
 - use_allocation_guard: 0.


Internal statistics:

num_allocs_failed_limit: 17.
num_arena_births: 1394.
num_arena_deaths: 46.
num_vsnodes_births: 3.
num_vsnodes_deaths: 0.
num_space_committed: 1479.
num_space_uncommitted: 0.
num_chunks_returned_to_freelist: 86.
num_chunks_taken_from_freelist: 4720.
num_chunk_merges: 42.
num_chunk_splits: 3057.
num_chunks_enlarged: 2291.
num_inconsistent_stats: 0.

CodeHeap 'non-profiled nmethods': size=119232Kb used=7293Kb max_used=7900Kb free=111939Kb
 bounds [0x000001d007b90000, 0x000001d008350000, 0x000001d00f000000]
CodeHeap 'profiled nmethods': size=119104Kb used=16640Kb max_used=18364Kb free=102463Kb
 bounds [0x000001d000000000, 0x000001d0011f0000, 0x000001d007450000]
CodeHeap 'non-nmethods': size=7424Kb used=2456Kb max_used=4222Kb free=4967Kb
 bounds [0x000001d007450000, 0x000001d007880000, 0x000001d007b90000]
CodeCache: size=245760Kb, used=26389Kb, max_used=30486Kb, free=219369Kb
 total_blobs=14080, nmethods=12693, adapters=1290, full_count=0
Compilation: enabled, stopped_count=0, restarted_count=0

Compilation events (20 events):
Event: 3714.145 Thread 0x000001d058d62cc0 nmethod 15356 0x000001d007ba0488 code [0x000001d007ba0580, 0x000001d007ba0640]
Event: 3714.145 Thread 0x000001d058d62cc0 15364       4       java.util.LinkedList$ListItr::next (56 bytes)
Event: 3714.145 Thread 0x000001d00fa6a0f0 nmethod 15368 0x000001d000879108 code [0x000001d0008792a0, 0x000001d000879ae0]
Event: 3714.145 Thread 0x000001d00fa6a0f0 15369       3       com.sun.java.swing.plaf.windows.AnimationController::triggerAnimation (121 bytes)
Event: 3714.145 Thread 0x000001d00fa606d0 nmethod 15358 0x000001d007bb2088 code [0x000001d007bb21a0, 0x000001d007bb22c8]
Event: 3714.145 Thread 0x000001d00fa606d0 15351       4       java.awt.geom.AffineTransform::getDeterminant (99 bytes)
Event: 3714.146 Thread 0x000001d00fa6a0f0 nmethod 15369 0x000001d00025cf08 code [0x000001d00025d100, 0x000001d00025dd38]
Event: 3714.146 Thread 0x000001d00fa6a0f0 15370  s    3       com.sun.java.swing.plaf.windows.AnimationController::getState (28 bytes)
Event: 3714.146 Thread 0x000001d00fa606d0 nmethod 15351 0x000001d007bdfa88 code [0x000001d007bdfb80, 0x000001d007bdfc28]
Event: 3714.146 Thread 0x000001d00fa6a0f0 nmethod 15370 0x000001d00011ae88 code [0x000001d00011afe0, 0x000001d00011b4a8]
Event: 3714.146 Thread 0x000001d00fa6a0f0 15371       3       com.sun.java.swing.plaf.windows.XPStyle$Skin::paintSkinRaw (35 bytes)
Event: 3714.146 Thread 0x000001d00fa6a0f0 nmethod 15371 0x000001d00008fc88 code [0x000001d00008fde0, 0x000001d000090428]
Event: 3714.146 Thread 0x000001d00fa6a0f0 15372   !   3       sun.swing.CachedPainter::paint (47 bytes)
Event: 3714.146 Thread 0x000001d00fa6a0f0 nmethod 15372 0x000001d00014ab08 code [0x000001d00014ac40, 0x000001d00014afb8]
Event: 3714.147 Thread 0x000001d058d62cc0 nmethod 15364 0x000001d007cfd888 code [0x000001d007cfd9a0, 0x000001d007cfdca8]
Event: 3714.161 Thread 0x000001d058d61f20 nmethod 15357 0x000001d007db4f08 code [0x000001d007db5160, 0x000001d007db6968]
Event: 3714.194 Thread 0x000001d00fa6a0f0 15373       1       sun.java2d.d3d.D3DGraphicsConfig::getD3DDevice (5 bytes)
Event: 3714.194 Thread 0x000001d00fa6a0f0 nmethod 15373 0x000001d007cfef88 code [0x000001d007cff0a0, 0x000001d007cff170]
Event: 3714.194 Thread 0x000001d00fa606d0 15374       4       sun.awt.image.PixelConverter$Xrgb::rgbToPixel (2 bytes)
Event: 3714.194 Thread 0x000001d00fa606d0 nmethod 15374 0x000001d007f7b308 code [0x000001d007f7b400, 0x000001d007f7b478]

GC Heap History (20 events):
Event: 5.981 GC heap before
{Heap before GC invocations=13 (full 0):
 garbage-first heap   total reserved 4040704K, committed 215040K, used 177360K [0x0000000709600000, 0x0000000800000000)
  region size 2048K, 54 young (110592K), 3 survivors (6144K)
 Metaspace       used 46982K, committed 47552K, reserved 1114112K
  class space    used 7434K, committed 7680K, reserved 1048576K
}
Event: 5.994 GC heap after
{Heap after GC invocations=14 (full 0):
 garbage-first heap   total reserved 4040704K, committed 215040K, used 85438K [0x0000000709600000, 0x0000000800000000)
  region size 2048K, 7 young (14336K), 7 survivors (14336K)
 Metaspace       used 46982K, committed 47552K, reserved 1114112K
  class space    used 7434K, committed 7680K, reserved 1048576K
}
Event: 6.150 GC heap before
{Heap before GC invocations=14 (full 0):
 garbage-first heap   total reserved 4040704K, committed 215040K, used 181694K [0x0000000709600000, 0x0000000800000000)
  region size 2048K, 54 young (110592K), 7 survivors (14336K)
 Metaspace       used 47023K, committed 47552K, reserved 1114112K
  class space    used 7439K, committed 7680K, reserved 1048576K
}
Event: 6.161 GC heap after
{Heap after GC invocations=15 (full 0):
 garbage-first heap   total reserved 4040704K, committed 284672K, used 88333K [0x0000000709600000, 0x0000000800000000)
  region size 2048K, 3 young (6144K), 3 survivors (6144K)
 Metaspace       used 47023K, committed 47552K, reserved 1114112K
  class space    used 7439K, committed 7680K, reserved 1048576K
}
Event: 7.094 GC heap before
{Heap before GC invocations=15 (full 0):
 garbage-first heap   total reserved 4040704K, committed 284672K, used 155917K [0x0000000709600000, 0x0000000800000000)
  region size 2048K, 37 young (75776K), 3 survivors (6144K)
 Metaspace       used 60106K, committed 60800K, reserved 1114112K
  class space    used 10130K, committed 10432K, reserved 1048576K
}
Event: 7.106 GC heap after
{Heap after GC invocations=16 (full 0):
 garbage-first heap   total reserved 4040704K, committed 284672K, used 95928K [0x0000000709600000, 0x0000000800000000)
  region size 2048K, 7 young (14336K), 7 survivors (14336K)
 Metaspace       used 60106K, committed 60800K, reserved 1114112K
  class space    used 10130K, committed 10432K, reserved 1048576K
}
Event: 7.846 GC heap before
{Heap before GC invocations=17 (full 0):
 garbage-first heap   total reserved 4040704K, committed 284672K, used 229048K [0x0000000709600000, 0x0000000800000000)
  region size 2048K, 71 young (145408K), 7 survivors (14336K)
 Metaspace       used 67336K, committed 68096K, reserved 1114112K
  class space    used 11124K, committed 11456K, reserved 1048576K
}
Event: 7.856 GC heap after
{Heap after GC invocations=18 (full 0):
 garbage-first heap   total reserved 4040704K, committed 284672K, used 105826K [0x0000000709600000, 0x0000000800000000)
  region size 2048K, 8 young (16384K), 8 survivors (16384K)
 Metaspace       used 67336K, committed 68096K, reserved 1114112K
  class space    used 11124K, committed 11456K, reserved 1048576K
}
Event: 8.338 GC heap before
{Heap before GC invocations=18 (full 0):
 garbage-first heap   total reserved 4040704K, committed 284672K, used 228706K [0x0000000709600000, 0x0000000800000000)
  region size 2048K, 68 young (139264K), 8 survivors (16384K)
 Metaspace       used 70275K, committed 71040K, reserved 1114112K
  class space    used 11718K, committed 12032K, reserved 1048576K
}
Event: 8.351 GC heap after
{Heap after GC invocations=19 (full 0):
 garbage-first heap   total reserved 4040704K, committed 284672K, used 108422K [0x0000000709600000, 0x0000000800000000)
  region size 2048K, 6 young (12288K), 6 survivors (12288K)
 Metaspace       used 70275K, committed 71040K, reserved 1114112K
  class space    used 11718K, committed 12032K, reserved 1048576K
}
Event: 8.649 GC heap before
{Heap before GC invocations=19 (full 0):
 garbage-first heap   total reserved 4040704K, committed 284672K, used 235398K [0x0000000709600000, 0x0000000800000000)
  region size 2048K, 69 young (141312K), 6 survivors (12288K)
 Metaspace       used 72884K, committed 73600K, reserved 1114112K
  class space    used 12180K, committed 12480K, reserved 1048576K
}
Event: 8.656 GC heap after
{Heap after GC invocations=20 (full 0):
 garbage-first heap   total reserved 4040704K, committed 284672K, used 112512K [0x0000000709600000, 0x0000000800000000)
  region size 2048K, 4 young (8192K), 4 survivors (8192K)
 Metaspace       used 72884K, committed 73600K, reserved 1114112K
  class space    used 12180K, committed 12480K, reserved 1048576K
}
Event: 10.345 GC heap before
{Heap before GC invocations=20 (full 0):
 garbage-first heap   total reserved 4040704K, committed 284672K, used 243584K [0x0000000709600000, 0x0000000800000000)
  region size 2048K, 68 young (139264K), 4 survivors (8192K)
 Metaspace       used 87701K, committed 88576K, reserved 1179648K
  class space    used 14084K, committed 14464K, reserved 1048576K
}
Event: 10.352 GC heap after
{Heap after GC invocations=21 (full 0):
 garbage-first heap   total reserved 4040704K, committed 368640K, used 119606K [0x0000000709600000, 0x0000000800000000)
  region size 2048K, 8 young (16384K), 8 survivors (16384K)
 Metaspace       used 87701K, committed 88576K, reserved 1179648K
  class space    used 14084K, committed 14464K, reserved 1048576K
}
Event: 72.500 GC heap before
{Heap before GC invocations=22 (full 0):
 garbage-first heap   total reserved 4040704K, committed 368640K, used 299830K [0x0000000709600000, 0x0000000800000000)
  region size 2048K, 97 young (198656K), 8 survivors (16384K)
 Metaspace       used 93315K, committed 94272K, reserved 1179648K
  class space    used 14879K, committed 15296K, reserved 1048576K
}
Event: 72.508 GC heap after
{Heap after GC invocations=23 (full 0):
 garbage-first heap   total reserved 4040704K, committed 368640K, used 130510K [0x0000000709600000, 0x0000000800000000)
  region size 2048K, 11 young (22528K), 11 survivors (22528K)
 Metaspace       used 93315K, committed 94272K, reserved 1179648K
  class space    used 14879K, committed 15296K, reserved 1048576K
}
Event: 3602.519 GC heap before
{Heap before GC invocations=23 (full 0):
 garbage-first heap   total reserved 4040704K, committed 368640K, used 294350K [0x0000000709600000, 0x0000000800000000)
  region size 2048K, 91 young (186368K), 11 survivors (22528K)
 Metaspace       used 93556K, committed 94592K, reserved 1179648K
  class space    used 14880K, committed 15296K, reserved 1048576K
}
Event: 3602.528 GC heap after
{Heap after GC invocations=24 (full 0):
 garbage-first heap   total reserved 4040704K, committed 368640K, used 129537K [0x0000000709600000, 0x0000000800000000)
  region size 2048K, 6 young (12288K), 6 survivors (12288K)
 Metaspace       used 93556K, committed 94592K, reserved 1179648K
  class space    used 14880K, committed 15296K, reserved 1048576K
}
Event: 3694.899 GC heap before
{Heap before GC invocations=24 (full 0):
 garbage-first heap   total reserved 4040704K, committed 368640K, used 133633K [0x0000000709600000, 0x0000000800000000)
  region size 2048K, 9 young (18432K), 6 survivors (12288K)
 Metaspace       used 93566K, committed 94592K, reserved 1179648K
  class space    used 14882K, committed 15296K, reserved 1048576K
}
Event: 3694.903 GC heap after
{Heap after GC invocations=25 (full 0):
 garbage-first heap   total reserved 4040704K, committed 368640K, used 128867K [0x0000000709600000, 0x0000000800000000)
  region size 2048K, 6 young (12288K), 6 survivors (12288K)
 Metaspace       used 93566K, committed 94592K, reserved 1179648K
  class space    used 14882K, committed 15296K, reserved 1048576K
}

Dll operation events (15 events):
Event: 0.023 Loaded shared library C:\Program Files\Java\jdk-23\bin\java.dll
Event: 0.087 Loaded shared library C:\Program Files\Java\jdk-23\bin\jsvml.dll
Event: 0.099 Loaded shared library C:\Program Files\Java\jdk-23\bin\net.dll
Event: 0.102 Loaded shared library C:\Program Files\Java\jdk-23\bin\nio.dll
Event: 0.106 Loaded shared library C:\Program Files\Java\jdk-23\bin\zip.dll
Event: 0.125 Loaded shared library C:\Program Files\Java\jdk-23\bin\jimage.dll
Event: 0.958 Loaded shared library C:\Program Files\Java\jdk-23\bin\management.dll
Event: 0.963 Loaded shared library C:\Program Files\Java\jdk-23\bin\management_ext.dll
Event: 1.447 Loaded shared library C:\Program Files\Java\jdk-23\bin\verify.dll
Event: 1.854 Loaded shared library C:\Users\Melfred\AppData\Local\Temp\jna--1682224609\jna15949961467655781803.dll
Event: 7.247 Loaded shared library C:\Program Files\Java\jdk-23\bin\sunmscapi.dll
Event: 7.332 Loaded shared library C:\Program Files\Java\jdk-23\bin\extnet.dll
Event: 8.821 Loaded shared library C:\Program Files\Java\jdk-23\bin\awt.dll
Event: 9.267 Loaded shared library C:\Program Files\Java\jdk-23\bin\freetype.dll
Event: 9.270 Loaded shared library C:\Program Files\Java\jdk-23\bin\fontmanager.dll

Deoptimization events (20 events):
Event: 3714.135 Thread 0x000001d05d43a860 Uncommon trap: trap_request=0xffffffde fr.pc=0x000001d0082cf7f4 relative=0x0000000000000a54
Event: 3714.135 Thread 0x000001d05d43a860 Uncommon trap: reason=class_check action=maybe_recompile pc=0x000001d0082cf7f4 method=sun.java2d.SunGraphics2D.checkFontInfo(Lsun/java2d/loops/FontInfo;Ljava/awt/Font;Ljava/awt/font/FontRenderContext;)Lsun/java2d/loops/FontInfo; @ 646 c2
Event: 3714.135 Thread 0x000001d05d43a860 DEOPT PACKING pc=0x000001d0082cf7f4 sp=0x00000031bd0fd6c0
Event: 3714.135 Thread 0x000001d05d43a860 DEOPT UNPACKING pc=0x000001d0074a4402 sp=0x00000031bd0fd648 mode 2
Event: 3714.136 Thread 0x000001d05d43a860 Uncommon trap: trap_request=0xffffffde fr.pc=0x000001d0082cf7f4 relative=0x0000000000000a54
Event: 3714.136 Thread 0x000001d05d43a860 Uncommon trap: reason=class_check action=maybe_recompile pc=0x000001d0082cf7f4 method=sun.java2d.SunGraphics2D.checkFontInfo(Lsun/java2d/loops/FontInfo;Ljava/awt/Font;Ljava/awt/font/FontRenderContext;)Lsun/java2d/loops/FontInfo; @ 646 c2
Event: 3714.136 Thread 0x000001d05d43a860 DEOPT PACKING pc=0x000001d0082cf7f4 sp=0x00000031bd0fd4d0
Event: 3714.136 Thread 0x000001d05d43a860 DEOPT UNPACKING pc=0x000001d0074a4402 sp=0x00000031bd0fd458 mode 2
Event: 3714.138 Thread 0x000001d05d43a860 Uncommon trap: trap_request=0xffffffde fr.pc=0x000001d008314c7c relative=0x000000000000069c
Event: 3714.138 Thread 0x000001d05d43a860 Uncommon trap: reason=class_check action=maybe_recompile pc=0x000001d008314c7c method=sun.java2d.SunGraphics2D.drawHiDPIImage(Ljava/awt/Image;IIIIIIIILjava/awt/Color;Ljava/awt/image/ImageObserver;Ljava/awt/geom/AffineTransform;)Ljava/lang/Boolean; @ 18 c2
Event: 3714.138 Thread 0x000001d05d43a860 DEOPT PACKING pc=0x000001d008314c7c sp=0x00000031bd0fe5c0
Event: 3714.138 Thread 0x000001d05d43a860 DEOPT UNPACKING pc=0x000001d0074a4402 sp=0x00000031bd0fe4e8 mode 2
Event: 3714.145 Thread 0x000001d05d43a860 Uncommon trap: trap_request=0xffffffde fr.pc=0x000001d008314c7c relative=0x000000000000069c
Event: 3714.145 Thread 0x000001d05d43a860 Uncommon trap: reason=class_check action=maybe_recompile pc=0x000001d008314c7c method=sun.java2d.SunGraphics2D.drawHiDPIImage(Ljava/awt/Image;IIIIIIIILjava/awt/Color;Ljava/awt/image/ImageObserver;Ljava/awt/geom/AffineTransform;)Ljava/lang/Boolean; @ 18 c2
Event: 3714.145 Thread 0x000001d05d43a860 DEOPT PACKING pc=0x000001d008314c7c sp=0x00000031bd0fe5c0
Event: 3714.145 Thread 0x000001d05d43a860 DEOPT UNPACKING pc=0x000001d0074a4402 sp=0x00000031bd0fe4e8 mode 2
Event: 3714.145 Thread 0x000001d05d43a860 Uncommon trap: trap_request=0xffffffde fr.pc=0x000001d0083466ec relative=0x0000000000000acc
Event: 3714.145 Thread 0x000001d05d43a860 Uncommon trap: reason=class_check action=maybe_recompile pc=0x000001d0083466ec method=java.awt.EventQueue.dispatchEventImpl(Ljava/awt/AWTEvent;Ljava/lang/Object;)V @ 30 c2
Event: 3714.145 Thread 0x000001d05d43a860 DEOPT PACKING pc=0x000001d0083466ec sp=0x00000031bd0fed40
Event: 3714.145 Thread 0x000001d05d43a860 DEOPT UNPACKING pc=0x000001d0074a4402 sp=0x00000031bd0fed08 mode 2

Classes loaded (20 events):
Event: 3714.131 Loading class sun/java2d/marlin/Dasher$LengthIterator
Event: 3714.131 Loading class sun/java2d/marlin/Dasher$LengthIterator done
Event: 3714.131 Loading class sun/java2d/marlin/MergeSort
Event: 3714.131 Loading class sun/java2d/marlin/MergeSort done
Event: 3714.132 Loading class sun/java2d/marlin/MarlinUtils
Event: 3714.132 Loading class sun/java2d/marlin/MarlinUtils done
Event: 3714.132 Loading class sun/java2d/marlin/DPQSSorterContext
Event: 3714.132 Loading class sun/java2d/marlin/DPQSSorterContext done
Event: 3714.132 Loading class java/awt/geom/LineIterator
Event: 3714.132 Loading class java/awt/geom/LineIterator done
Event: 3714.132 Loading class sun/java2d/marlin/Helpers
Event: 3714.132 Loading class sun/java2d/marlin/Helpers done
Event: 3714.132 Loading class java/awt/ColorPaintContext
Event: 3714.132 Loading class java/awt/PaintContext
Event: 3714.132 Loading class java/awt/PaintContext done
Event: 3714.132 Loading class java/awt/ColorPaintContext done
Event: 3714.132 Loading class sun/java2d/pipe/AlphaPaintPipe$TileContext
Event: 3714.132 Loading class sun/java2d/pipe/AlphaPaintPipe$TileContext done
Event: 3714.132 Loading class sun/java2d/pipe/RegionClipSpanIterator
Event: 3714.132 Loading class sun/java2d/pipe/RegionClipSpanIterator done

Classes unloaded (20 events):
Event: 3694.958 Thread 0x000001d00fa2d420 Unloading class 0x000001d011e03000 'java/lang/invoke/LambdaForm$DMH+0x000001d011e03000'
Event: 3694.958 Thread 0x000001d00fa2d420 Unloading class 0x000001d011e02c00 'java/lang/invoke/LambdaForm$DMH+0x000001d011e02c00'
Event: 3694.958 Thread 0x000001d00fa2d420 Unloading class 0x000001d011e02800 'java/lang/invoke/LambdaForm$DMH+0x000001d011e02800'
Event: 3694.958 Thread 0x000001d00fa2d420 Unloading class 0x000001d011e02400 'java/lang/invoke/LambdaForm$DMH+0x000001d011e02400'
Event: 3694.958 Thread 0x000001d00fa2d420 Unloading class 0x000001d011e02000 'java/lang/invoke/LambdaForm$DMH+0x000001d011e02000'
Event: 3694.958 Thread 0x000001d00fa2d420 Unloading class 0x000001d011e01c00 'java/lang/invoke/LambdaForm$DMH+0x000001d011e01c00'
Event: 3694.958 Thread 0x000001d00fa2d420 Unloading class 0x000001d011e01800 'java/lang/invoke/LambdaForm$DMH+0x000001d011e01800'
Event: 3694.958 Thread 0x000001d00fa2d420 Unloading class 0x000001d011e01000 'java/lang/invoke/LambdaForm$DMH+0x000001d011e01000'
Event: 3694.958 Thread 0x000001d00fa2d420 Unloading class 0x000001d011e00800 'java/lang/invoke/LambdaForm$DMH+0x000001d011e00800'
Event: 3694.958 Thread 0x000001d00fa2d420 Unloading class 0x000001d011e00c00 'java/lang/invoke/LambdaForm$DMH+0x000001d011e00c00'
Event: 3694.958 Thread 0x000001d00fa2d420 Unloading class 0x000001d011e00400 'java/lang/invoke/LambdaForm$DMH+0x000001d011e00400'
Event: 3694.958 Thread 0x000001d00fa2d420 Unloading class 0x000001d011dfb000 'java/lang/invoke/LambdaForm$DMH+0x000001d011dfb000'
Event: 3694.958 Thread 0x000001d00fa2d420 Unloading class 0x000001d011dfac00 'java/lang/invoke/LambdaForm$DMH+0x000001d011dfac00'
Event: 3694.958 Thread 0x000001d00fa2d420 Unloading class 0x000001d011dfa800 'java/lang/invoke/LambdaForm$DMH+0x000001d011dfa800'
Event: 3694.958 Thread 0x000001d00fa2d420 Unloading class 0x000001d011dfa000 'java/lang/invoke/LambdaForm$DMH+0x000001d011dfa000'
Event: 3694.958 Thread 0x000001d00fa2d420 Unloading class 0x000001d011dfa400 'java/lang/invoke/LambdaForm$DMH+0x000001d011dfa400'
Event: 3694.958 Thread 0x000001d00fa2d420 Unloading class 0x000001d011df9c00 'java/lang/invoke/LambdaForm$DMH+0x000001d011df9c00'
Event: 3694.958 Thread 0x000001d00fa2d420 Unloading class 0x000001d011df9400 'java/lang/invoke/LambdaForm$DMH+0x000001d011df9400'
Event: 3694.958 Thread 0x000001d00fa2d420 Unloading class 0x000001d011df9800 'java/lang/invoke/LambdaForm$DMH+0x000001d011df9800'
Event: 3694.958 Thread 0x000001d00fa2d420 Unloading class 0x000001d011df9000 'java/lang/invoke/LambdaForm$DMH+0x000001d011df9000'

Classes redefined (0 events):
No events

Internal exceptions (20 events):
Event: 70.886 Thread 0x000001d05d4359a0 Exception <a 'sun/nio/fs/WindowsException'{0x0000000714d85428}> (0x0000000714d85428) 
thrown [s\open\src\hotspot\share\prims\jni.cpp, line 520]
Event: 70.886 Thread 0x000001d05d4359a0 Exception <a 'sun/nio/fs/WindowsException'{0x0000000714d854f0}> (0x0000000714d854f0) 
thrown [s\open\src\hotspot\share\prims\jni.cpp, line 520]
Event: 70.886 Thread 0x000001d05bcfd4e0 Exception <a 'sun/nio/fs/WindowsException'{0x0000000719a71670}> (0x0000000719a71670) 
thrown [s\open\src\hotspot\share\prims\jni.cpp, line 520]
Event: 70.886 Thread 0x000001d05d4359a0 Exception <a 'sun/nio/fs/WindowsException'{0x0000000714d85a18}> (0x0000000714d85a18) 
thrown [s\open\src\hotspot\share\prims\jni.cpp, line 520]
Event: 70.887 Thread 0x000001d05bcfc7c0 Exception <a 'sun/nio/fs/WindowsException'{0x0000000714da27f8}> (0x0000000714da27f8) 
thrown [s\open\src\hotspot\share\prims\jni.cpp, line 520]
Event: 70.887 Thread 0x000001d05bcfd4e0 Exception <a 'sun/nio/fs/WindowsException'{0x0000000714dd3fe8}> (0x0000000714dd3fe8) 
thrown [s\open\src\hotspot\share\prims\jni.cpp, line 520]
Event: 70.888 Thread 0x000001d05bcfc7c0 Exception <a 'sun/nio/fs/WindowsException'{0x0000000714da73d8}> (0x0000000714da73d8) 
thrown [s\open\src\hotspot\share\prims\jni.cpp, line 520]
Event: 70.888 Thread 0x000001d05bcfd4e0 Exception <a 'sun/nio/fs/WindowsException'{0x0000000714dd8c68}> (0x0000000714dd8c68) 
thrown [s\open\src\hotspot\share\prims\jni.cpp, line 520]
Event: 70.898 Thread 0x000001d05bcfc7c0 Exception <a 'sun/nio/fs/WindowsException'{0x0000000714dabea8}> (0x0000000714dabea8) 
thrown [s\open\src\hotspot\share\prims\jni.cpp, line 520]
Event: 70.898 Thread 0x000001d05bcfd4e0 Exception <a 'sun/nio/fs/WindowsException'{0x0000000714ddd6b8}> (0x0000000714ddd6b8) 
thrown [s\open\src\hotspot\share\prims\jni.cpp, line 520]
Event: 70.899 Thread 0x000001d05bcfc7c0 Exception <a 'sun/nio/fs/WindowsException'{0x0000000714db0c30}> (0x0000000714db0c30) 
thrown [s\open\src\hotspot\share\prims\jni.cpp, line 520]
Event: 70.899 Thread 0x000001d05bcfd4e0 Exception <a 'sun/nio/fs/WindowsException'{0x0000000714de2338}> (0x0000000714de2338) 
thrown [s\open\src\hotspot\share\prims\jni.cpp, line 520]
Event: 70.900 Thread 0x000001d05bcfc7c0 Exception <a 'sun/nio/fs/WindowsException'{0x0000000714db5710}> (0x0000000714db5710) 
thrown [s\open\src\hotspot\share\prims\jni.cpp, line 520]
Event: 70.900 Thread 0x000001d05bcfd4e0 Exception <a 'sun/nio/fs/WindowsException'{0x0000000714de6f28}> (0x0000000714de6f28) 
thrown [s\open\src\hotspot\share\prims\jni.cpp, line 520]
Event: 70.900 Thread 0x000001d05bcfc7c0 Exception <a 'sun/nio/fs/WindowsException'{0x0000000714dba168}> (0x0000000714dba168) 
thrown [s\open\src\hotspot\share\prims\jni.cpp, line 520]
Event: 70.901 Thread 0x000001d05bcfd4e0 Exception <a 'sun/nio/fs/WindowsException'{0x0000000714de7360}> (0x0000000714de7360) 
thrown [s\open\src\hotspot\share\prims\jni.cpp, line 520]
Event: 70.901 Thread 0x000001d05bcfc7c0 Exception <a 'sun/nio/fs/WindowsException'{0x0000000714dba598}> (0x0000000714dba598) 
thrown [s\open\src\hotspot\share\prims\jni.cpp, line 520]
Event: 70.901 Thread 0x000001d05bcfd4e0 Exception <a 'sun/nio/fs/WindowsException'{0x0000000714dec2b8}> (0x0000000714dec2b8) 
thrown [s\open\src\hotspot\share\prims\jni.cpp, line 520]
Event: 70.902 Thread 0x000001d05bcfc7c0 Exception <a 'sun/nio/fs/WindowsException'{0x0000000714dc46f0}> (0x0000000714dc46f0) 
thrown [s\open\src\hotspot\share\prims\jni.cpp, line 520]
Event: 70.903 Thread 0x000001d05bcfd4e0 Exception <a 'sun/nio/fs/WindowsException'{0x0000000714df0d98}> (0x0000000714df0d98) 
thrown [s\open\src\hotspot\share\prims\jni.cpp, line 520]

VM Operations (20 events):
Event: 11.497 Executing VM operation: HandshakeAllThreads (Deoptimize)
Event: 11.497 Executing VM operation: HandshakeAllThreads (Deoptimize) done
Event: 14.244 Executing VM operation: HandshakeAllThreads (Deoptimize)
Event: 14.244 Executing VM operation: HandshakeAllThreads (Deoptimize) done
Event: 17.647 Executing VM operation: HandshakeAllThreads (Deoptimize)
Event: 17.647 Executing VM operation: HandshakeAllThreads (Deoptimize) done
Event: 60.083 Executing VM operation: HandshakeAllThreads (HandshakeForDeflation)
Event: 60.083 Executing VM operation: HandshakeAllThreads (HandshakeForDeflation) done
Event: 60.083 Executing VM operation: RendezvousGCThreads
Event: 60.083 Executing VM operation: RendezvousGCThreads done
Event: 72.500 Executing VM operation: G1CollectForAllocation (G1 Evacuation Pause)
Event: 72.508 Executing VM operation: G1CollectForAllocation (G1 Evacuation Pause) done
Event: 3602.519 Executing VM operation: G1CollectForAllocation (G1 Evacuation Pause)
Event: 3602.528 Executing VM operation: G1CollectForAllocation (G1 Evacuation Pause) done
Event: 3694.899 Executing VM operation: G1TryInitiateConcMark (G1 Humongous Allocation)
Event: 3694.903 Executing VM operation: G1TryInitiateConcMark (G1 Humongous Allocation) done
Event: 3694.957 Executing VM operation: G1PauseRemark
Event: 3694.968 Executing VM operation: G1PauseRemark done
Event: 3694.985 Executing VM operation: G1PauseCleanup
Event: 3694.985 Executing VM operation: G1PauseCleanup done

Memory protections (0 events):
No events

Nmethod flushes (20 events):
Event: 3694.967 Thread 0x000001d00fa2d420 flushing  nmethod 0x000001d0008e4988
Event: 3694.967 Thread 0x000001d00fa2d420 flushing  nmethod 0x000001d00093c608
Event: 3694.967 Thread 0x000001d00fa2d420 flushing  nmethod 0x000001d000979a88
Event: 3694.967 Thread 0x000001d00fa2d420 flushing  nmethod 0x000001d000a49608
Event: 3694.967 Thread 0x000001d00fa2d420 flushing  nmethod 0x000001d000aa3d08
Event: 3694.967 Thread 0x000001d00fa2d420 flushing  nmethod 0x000001d000aa4088
Event: 3694.967 Thread 0x000001d00fa2d420 flushing  nmethod 0x000001d000aa4688
Event: 3694.967 Thread 0x000001d00fa2d420 flushing  nmethod 0x000001d000aa5488
Event: 3694.967 Thread 0x000001d00fa2d420 flushing  nmethod 0x000001d000b3eb88
Event: 3694.967 Thread 0x000001d00fa2d420 flushing  nmethod 0x000001d000bd5f08
Event: 3694.967 Thread 0x000001d00fa2d420 flushing  nmethod 0x000001d000c09008
Event: 3694.967 Thread 0x000001d00fa2d420 flushing  nmethod 0x000001d000c09888
Event: 3694.967 Thread 0x000001d00fa2d420 flushing  nmethod 0x000001d000c0bd88
Event: 3694.967 Thread 0x000001d00fa2d420 flushing  nmethod 0x000001d000c0e008
Event: 3694.967 Thread 0x000001d00fa2d420 flushing  nmethod 0x000001d000c0e308
Event: 3694.967 Thread 0x000001d00fa2d420 flushing  nmethod 0x000001d000c0e608
Event: 3694.967 Thread 0x000001d00fa2d420 flushing  nmethod 0x000001d000cbd088
Event: 3694.967 Thread 0x000001d00fa2d420 flushing  nmethod 0x000001d000cc0508
Event: 3694.967 Thread 0x000001d00fa2d420 flushing  nmethod 0x000001d000d1b488
Event: 3694.967 Thread 0x000001d00fa2d420 flushing  nmethod 0x000001d000d1bf88

Events (20 events):
Event: 130.904 Thread 0x000001d05bcfc7c0 Thread exited: 0x000001d05bcfc7c0
Event: 130.904 Thread 0x000001d05bcfd4e0 Thread exited: 0x000001d05bcfd4e0
Event: 154.140 Thread 0x000001d00fa6a0f0 Thread added: 0x000001d05979af80
Event: 154.140 Thread 0x000001d00fa6a0f0 Thread added: 0x000001d059797230
Event: 155.141 Thread 0x000001d059797230 Thread exited: 0x000001d059797230
Event: 155.141 Thread 0x000001d05979af80 Thread exited: 0x000001d05979af80
Event: 198.711 Thread 0x000001d00fa6a0f0 Thread added: 0x000001d059796b60
Event: 198.712 Thread 0x000001d00fa6a0f0 Thread added: 0x000001d059797230
Event: 198.712 Thread 0x000001d00fa6a0f0 Thread added: 0x000001d059798d70
Event: 201.215 Thread 0x000001d059798d70 Thread exited: 0x000001d059798d70
Event: 201.716 Thread 0x000001d00fa6a0f0 Thread added: 0x000001d059798d70
Event: 203.718 Thread 0x000001d059798d70 Thread exited: 0x000001d059798d70
Event: 208.719 Thread 0x000001d059797230 Thread exited: 0x000001d059797230
Event: 213.719 Thread 0x000001d059796b60 Thread exited: 0x000001d059796b60
Event: 330.851 Thread 0x000001d00fa606d0 Thread added: 0x000001d059796b60
Event: 339.947 Thread 0x000001d059796b60 Thread exited: 0x000001d059796b60
Event: 3699.184 Thread 0x000001d00fa6a0f0 Thread added: 0x000001d058d64130
Event: 3700.174 Thread 0x000001d058d64130 Thread exited: 0x000001d058d64130
Event: 3714.142 Thread 0x000001d00fa6a0f0 Thread added: 0x000001d058d61f20
Event: 3714.142 Thread 0x000001d00fa6a0f0 Thread added: 0x000001d058d62cc0


Dynamic libraries:
0x00007ff6d7bd0000 - 0x00007ff6d7be0000 	C:\Program Files\Java\jdk-23\bin\javaw.exe
0x00007ffa63390000 - 0x00007ffa63588000 	C:\WINDOWS\SYSTEM32\ntdll.dll
0x00007ffa613d0000 - 0x00007ffa61492000 	C:\WINDOWS\System32\KERNEL32.DLL
0x00007ffa60e90000 - 0x00007ffa6118f000 	C:\WINDOWS\System32\KERNELBASE.dll
0x00007ffa60a30000 - 0x00007ffa60b30000 	C:\WINDOWS\System32\ucrtbase.dll
0x00007ffa3dd70000 - 0x00007ffa3dd87000 	C:\Program Files\Java\jdk-23\bin\jli.dll
0x00007ffa63150000 - 0x00007ffa632ed000 	C:\WINDOWS\System32\USER32.dll
0x00007ffa348a0000 - 0x00007ffa348bb000 	C:\Program Files\Java\jdk-23\bin\VCRUNTIME140.dll
0x00007ffa60b30000 - 0x00007ffa60b52000 	C:\WINDOWS\System32\win32u.dll
0x00007ffa4c270000 - 0x00007ffa4c50a000 	C:\WINDOWS\WinSxS\amd64_microsoft.windows.common-controls_6595b64144ccf1df_6.0.19041.4355_none_60b8b9eb71f62e16\COMCTL32.dll
0x00007ffa63090000 - 0x00007ffa630bb000 	C:\WINDOWS\System32\GDI32.dll
0x00007ffa62ff0000 - 0x00007ffa6308e000 	C:\WINDOWS\System32\msvcrt.dll
0x00007ffa60c20000 - 0x00007ffa60d3a000 	C:\WINDOWS\System32\gdi32full.dll
0x00007ffa60d40000 - 0x00007ffa60ddd000 	C:\WINDOWS\System32\msvcp_win.dll
0x00007ffa62fc0000 - 0x00007ffa62fef000 	C:\WINDOWS\System32\IMM32.DLL
0x00007ffa45890000 - 0x00007ffa4589c000 	C:\Program Files\Java\jdk-23\bin\vcruntime140_1.dll
0x00007ffa0dcd0000 - 0x00007ffa0dd5e000 	C:\Program Files\Java\jdk-23\bin\msvcp140.dll
0x00007ff9ef0c0000 - 0x00007ff9efe10000 	C:\Program Files\Java\jdk-23\bin\server\jvm.dll
0x00007ffa62e60000 - 0x00007ffa62f0f000 	C:\WINDOWS\System32\ADVAPI32.dll
0x00007ffa61870000 - 0x00007ffa6190f000 	C:\WINDOWS\System32\sechost.dll
0x00007ffa615b0000 - 0x00007ffa616d3000 	C:\WINDOWS\System32\RPCRT4.dll
0x00007ffa61190000 - 0x00007ffa611b7000 	C:\WINDOWS\System32\bcrypt.dll
0x00007ffa628e0000 - 0x00007ffa6294b000 	C:\WINDOWS\System32\WS2_32.dll
0x00007ffa607e0000 - 0x00007ffa6082b000 	C:\WINDOWS\SYSTEM32\POWRPROF.dll
0x00007ffa5e5f0000 - 0x00007ffa5e617000 	C:\WINDOWS\SYSTEM32\WINMM.dll
0x00007ffa57460000 - 0x00007ffa5746a000 	C:\WINDOWS\SYSTEM32\VERSION.dll
0x00007ffa607c0000 - 0x00007ffa607d2000 	C:\WINDOWS\SYSTEM32\UMPDC.dll
0x00007ffa5ea30000 - 0x00007ffa5ea42000 	C:\WINDOWS\SYSTEM32\kernel.appcore.dll
0x00007ffa44cf0000 - 0x00007ffa44cfa000 	C:\Program Files\Java\jdk-23\bin\jimage.dll
0x00007ffa5e330000 - 0x00007ffa5e514000 	C:\WINDOWS\SYSTEM32\DBGHELP.DLL
0x00007ffa5e1d0000 - 0x00007ffa5e204000 	C:\WINDOWS\SYSTEM32\dbgcore.DLL
0x00007ffa61320000 - 0x00007ffa613a2000 	C:\WINDOWS\System32\bcryptPrimitives.dll
0x00007ffa34650000 - 0x00007ffa3466e000 	C:\Program Files\Java\jdk-23\bin\java.dll
0x00007ffa627b0000 - 0x00007ffa628db000 	C:\WINDOWS\System32\ole32.dll
0x00007ffa62950000 - 0x00007ffa62ca5000 	C:\WINDOWS\System32\combase.dll
0x00007ffa61a70000 - 0x00007ffa621dd000 	C:\WINDOWS\System32\SHELL32.dll
0x00007ffa5ea70000 - 0x00007ffa5f214000 	C:\WINDOWS\SYSTEM32\windows.storage.dll
0x00007ffa603f0000 - 0x00007ffa6041b000 	C:\WINDOWS\SYSTEM32\Wldp.dll
0x00007ffa619a0000 - 0x00007ffa61a6d000 	C:\WINDOWS\System32\OLEAUT32.dll
0x00007ffa62f10000 - 0x00007ffa62fbd000 	C:\WINDOWS\System32\SHCORE.dll
0x00007ffa616f0000 - 0x00007ffa61745000 	C:\WINDOWS\System32\shlwapi.dll
0x00007ffa60960000 - 0x00007ffa60985000 	C:\WINDOWS\SYSTEM32\profapi.dll
0x00007ffa0dbf0000 - 0x00007ffa0dcc7000 	C:\Program Files\Java\jdk-23\bin\jsvml.dll
0x00007ffa42280000 - 0x00007ffa42290000 	C:\Program Files\Java\jdk-23\bin\net.dll
0x00007ffa60150000 - 0x00007ffa601bc000 	C:\WINDOWS\system32\mswsock.dll
0x00007ffa21380000 - 0x00007ffa21396000 	C:\Program Files\Java\jdk-23\bin\nio.dll
0x00007ffa21360000 - 0x00007ffa21377000 	C:\Program Files\Java\jdk-23\bin\zip.dll
0x00007ffa40040000 - 0x00007ffa4004a000 	C:\Program Files\Java\jdk-23\bin\management.dll
0x00007ffa3dd60000 - 0x00007ffa3dd6b000 	C:\Program Files\Java\jdk-23\bin\management_ext.dll
0x00007ffa616e0000 - 0x00007ffa616e8000 	C:\WINDOWS\System32\PSAPI.DLL
0x00007ffa35f80000 - 0x00007ffa35f97000 	C:\WINDOWS\system32\napinsp.dll
0x00007ffa35f60000 - 0x00007ffa35f7b000 	C:\WINDOWS\system32\pnrpnsp.dll
0x00007ffa5ccb0000 - 0x00007ffa5ccc5000 	C:\WINDOWS\system32\wshbth.dll
0x00007ffa5c8d0000 - 0x00007ffa5c8ed000 	C:\WINDOWS\system32\NLAapi.dll
0x00007ffa5fe30000 - 0x00007ffa5fe6b000 	C:\WINDOWS\SYSTEM32\IPHLPAPI.DLL
0x00007ffa5fe70000 - 0x00007ffa5ff3a000 	C:\WINDOWS\SYSTEM32\DNSAPI.dll
0x00007ffa63140000 - 0x00007ffa63148000 	C:\WINDOWS\System32\NSI.dll
0x00007ffa35f40000 - 0x00007ffa35f52000 	C:\WINDOWS\System32\winrnr.dll
0x00007ffa5aae0000 - 0x00007ffa5aaea000 	C:\Windows\System32\rasadhlp.dll
0x00007ffa59780000 - 0x00007ffa59800000 	C:\WINDOWS\System32\fwpuclnt.dll
0x00007ffa37670000 - 0x00007ffa37680000 	C:\Program Files\Java\jdk-23\bin\verify.dll
0x00007ffa60350000 - 0x00007ffa60368000 	C:\WINDOWS\SYSTEM32\CRYPTSP.dll
0x00007ffa5fa40000 - 0x00007ffa5fa78000 	C:\WINDOWS\system32\rsaenh.dll
0x00007ffa608e0000 - 0x00007ffa6090e000 	C:\WINDOWS\SYSTEM32\USERENV.dll
0x00007ffa60340000 - 0x00007ffa6034c000 	C:\WINDOWS\SYSTEM32\CRYPTBASE.dll
0x00007ffa0db20000 - 0x00007ffa0db69000 	C:\Users\Melfred\AppData\Local\Temp\jna--1682224609\jna15949961467655781803.dll
0x00007ffa61500000 - 0x00007ffa615a9000 	C:\WINDOWS\System32\clbcatq.dll
0x00007ffa4dd10000 - 0x00007ffa4dd2f000 	C:\WINDOWS\SYSTEM32\amsi.dll
0x00007ffa4dc80000 - 0x00007ffa4dd01000 	C:\ProgramData\Microsoft\Windows Defender\Platform\4.18.25010.11-0\MpOav.dll
0x00007ffa46020000 - 0x00007ffa46071000 	C:\WINDOWS\SYSTEM32\Pdh.dll
0x00007ffa40f10000 - 0x00007ffa40f1f000 	C:\WINDOWS\System32\perfos.dll
0x00007ffa37250000 - 0x00007ffa3725e000 	C:\Program Files\Java\jdk-23\bin\sunmscapi.dll
0x00007ffa611c0000 - 0x00007ffa6131c000 	C:\WINDOWS\System32\CRYPT32.dll
0x00007ffa60460000 - 0x00007ffa60487000 	C:\WINDOWS\SYSTEM32\ncrypt.dll
0x00007ffa60420000 - 0x00007ffa6045b000 	C:\WINDOWS\SYSTEM32\NTASN1.dll
0x00007ffa36c40000 - 0x00007ffa36c49000 	C:\Program Files\Java\jdk-23\bin\extnet.dll
0x00007ff9f35b0000 - 0x00007ff9f373e000 	C:\Program Files\Java\jdk-23\bin\awt.dll
0x00007ffa5b6b0000 - 0x00007ffa5b744000 	C:\WINDOWS\SYSTEM32\apphelp.dll
0x00007ffa5ddd0000 - 0x00007ffa5de6e000 	C:\WINDOWS\system32\uxtheme.dll
0x00007ffa61750000 - 0x00007ffa61865000 	C:\WINDOWS\System32\MSCTF.dll
0x00007ffa5df00000 - 0x00007ffa5df2f000 	C:\WINDOWS\system32\DWMAPI.DLL
0x00007ffa0e740000 - 0x00007ffa0e868000 	C:\WINDOWS\system32\opengl32.dll
0x00007ffa0e1a0000 - 0x00007ffa0e1cc000 	C:\WINDOWS\SYSTEM32\GLU32.dll
0x00007ffa60580000 - 0x00007ffa60592000 	C:\WINDOWS\SYSTEM32\msasn1.dll
0x00007ffa53ad0000 - 0x00007ffa53b01000 	C:\WINDOWS\SYSTEM32\cryptnet.dll
0x00007ffa60b60000 - 0x00007ffa60bc8000 	C:\WINDOWS\System32\wintrust.dll
0x00007ffa613b0000 - 0x00007ffa613cd000 	C:\WINDOWS\System32\imagehlp.dll
0x00007ffa587f0000 - 0x00007ffa58937000 	C:\WINDOWS\SYSTEM32\drvstore.dll
0x00007ffa60750000 - 0x00007ffa60783000 	C:\WINDOWS\SYSTEM32\devobj.dll
0x00007ffa60bd0000 - 0x00007ffa60c1e000 	C:\WINDOWS\System32\cfgmgr32.dll
0x00007ffa316b0000 - 0x00007ffa3389b000 	C:\WINDOWS\System32\DriverStore\FileRepository\nvam.inf_amd64_016e41f7ec092617\nvgpucomp64.dll
0x00007ff9f2dd0000 - 0x00007ff9f3093000 	C:\WINDOWS\system32\nvspcap64.dll
0x00007ffa5fca0000 - 0x00007ffa5fcd3000 	C:\WINDOWS\SYSTEM32\ntmarta.dll
0x00007ffa5f230000 - 0x00007ffa5f253000 	C:\WINDOWS\SYSTEM32\gpapi.dll
0x00007ffa573d0000 - 0x00007ffa5740b000 	C:\WINDOWS\SYSTEM32\dxcore.dll
0x00007ff9f3f10000 - 0x00007ff9f3f97000 	C:\Program Files\Java\jdk-23\bin\freetype.dll
0x00007ff9f34d0000 - 0x00007ff9f35a7000 	C:\Program Files\Java\jdk-23\bin\fontmanager.dll
0x00007ffa5dbe0000 - 0x00007ffa5dd94000 	C:\WINDOWS\SYSTEM32\WindowsCodecs.dll
0x00007ffa38580000 - 0x00007ffa385be000 	C:\WINDOWS\system32\dataexchange.dll
0x00007ffa598d0000 - 0x00007ffa59b33000 	C:\WINDOWS\system32\d3d11.dll
0x00007ffa5abd0000 - 0x00007ffa5adb4000 	C:\WINDOWS\system32\dcomp.dll
0x00007ffa5f280000 - 0x00007ffa5f376000 	C:\WINDOWS\system32\dxgi.dll
0x00007ffa581d0000 - 0x00007ffa583d3000 	C:\WINDOWS\system32\twinapi.appcore.dll
0x00007ffa4f1a0000 - 0x00007ffa4f299000 	C:\WINDOWS\SYSTEM32\textinputframework.dll
0x00007ffa5adc0000 - 0x00007ffa5b11b000 	C:\WINDOWS\System32\CoreUIComponents.dll
0x00007ffa5bbf0000 - 0x00007ffa5bce2000 	C:\WINDOWS\System32\CoreMessaging.dll
0x00007ffa5ccd0000 - 0x00007ffa5ce27000 	C:\WINDOWS\SYSTEM32\wintypes.dll
0x00007ffa36590000 - 0x00007ffa36597000 	C:\WINDOWS\system32\wshunix.dll
0x00007ffa4cb20000 - 0x00007ffa4cbcc000 	C:\WINDOWS\SYSTEM32\TextShaping.dll

dbghelp: loaded successfully - version: 4.0.5 - missing functions: none
symbol engine: initialized successfully - sym options: 0x614 - pdb path: .;C:\Program Files\Java\jdk-23\bin;C:\WINDOWS\SYSTEM32;C:\WINDOWS\WinSxS\amd64_microsoft.windows.common-controls_6595b64144ccf1df_6.0.19041.4355_none_60b8b9eb71f62e16;C:\Program Files\Java\jdk-23\bin\server;C:\Users\Melfred\AppData\Local\Temp\jna--1682224609;C:\ProgramData\Microsoft\Windows Defender\Platform\4.18.25010.11-0;C:\WINDOWS\System32\DriverStore\FileRepository\nvam.inf_amd64_016e41f7ec092617;C:\WINDOWS\System32\DriverStore\FileRepository\u0370468.inf_amd64_5e4260b11257b6e9\B370372

VM Arguments:
java_command: C:\Users\Melfred\Desktop\mcServer\server.jar
java_class_path (initial): C:\Users\Melfred\Desktop\mcServer\server.jar
Launcher Type: SUN_STANDARD

[Global flags]
     intx CICompilerCount                          = 12                                        {product} {ergonomic}
     uint ConcGCThreads                            = 3                                         {product} {ergonomic}
     uint G1ConcRefinementThreads                  = 13                                        {product} {ergonomic}
   size_t G1HeapRegionSize                         = 2097152                                   {product} {ergonomic}
   size_t InitialHeapSize                          = 260046848                                 {product} {ergonomic}
   size_t MarkStackSize                            = 4194304                                   {product} {ergonomic}
   size_t MarkStackSizeMax                         = 536870912                                 {product} {ergonomic}
   size_t MaxHeapSize                              = 4137680896                                {product} {ergonomic}
   size_t MaxNewSize                               = 2480930816                                {product} {ergonomic}
   size_t MinHeapDeltaBytes                        = 2097152                                   {product} {ergonomic}
   size_t MinHeapSize                              = 8388608                                   {product} {ergonomic}
    uintx NonNMethodCodeHeapSize                   = 7602176                                {pd product} {ergonomic}
    uintx NonProfiledCodeHeapSize                  = 122093568                              {pd product} {ergonomic}
    uintx ProfiledCodeHeapSize                     = 121962496                              {pd product} {ergonomic}
    uintx ReservedCodeCacheSize                    = 251658240                              {pd product} {ergonomic}
     bool SegmentedCodeCache                       = true                                      {product} {ergonomic}
   size_t SoftMaxHeapSize                          = 4137680896                             {manageable} {ergonomic}
     bool UseCompressedOops                        = true                           {product lp64_product} {ergonomic}
     bool UseG1GC                                  = true                                      {product} {ergonomic}
     bool UseLargePagesIndividualAllocation        = false                                  {pd product} {ergonomic}

Logging:
Log output configuration:
 #0: stdout all=warning uptime,level,tags foldmultilines=false
 #1: stderr all=off uptime,level,tags foldmultilines=false

Environment Variables:
JAVA_HOME=C:\Program Files\Java\jdk-17.0.2
PATH=C:\Program Files\Java\jdk-17.0.2\bin\jar.exe;C:\Program Files\Common Files\Oracle\Java\javapath;C:\Program Files (x86)\Common Files\Oracle\Java\java8path;C:\Program Files (x86)\Common Files\Oracle\Java\javapath;C:\Program Files\Java\jdk-17.0.2\bin;C:\ProgramData\Oracle\Java\javapath;C:\Windows\system32;C:\Windows;C:\Windows\System32\Wbem;C:\Windows\System32\WindowsPowerShell\v1.0\;C:\Windows\System32\OpenSSH\;C:\Program Files (x86)\NVIDIA Corporation\PhysX\Common;C:\Program Files\NVIDIA Corporation\NVIDIA NvDLISR;C:\Program Files\Git\cmd;C:\Program Files\dotnet\;C:\Program Files\Microsoft SQL Server\Client SDK\ODBC\170\Tools\Binn\;C:\php;C:\Program Files (x86)\Microsoft SQL Server\160\Tools\Binn\;C:\Program Files\Microsoft SQL Server\160\Tools\Binn\;C:\Program Files\Microsoft SQL Server\160\DTS\Binn\;C:\Program Files\nodejs\;C:\WINDOWS\system32;C:\WINDOWS;C:\WINDOWS\System32\Wbem;C:\WINDOWS\System32\WindowsPowerShell\v1.0\;C:\WINDOWS\System32\OpenSSH\;C:\Users\Melfred\.config\herd\bin\nvm;C:\Program Files\nodejs;C:\ProgramData\ComposerSetup\bin;C:\Users\Melfred\Downloads\ffmpeg-master-latest-win64-gpl\ffmpeg-master-latest-win64-gpl\bin;C:\flutter\src\flutter\bin;C:\Users\Melfred\AppData\Local\Programs\Python\Python312\Scripts\;C:\Users\Melfred\AppData\Local\Programs\Python\Python312\;C:\Users\Melfred\AppData\Local\Programs\Python\Python310\Scripts\;C:\Users\Melfred\AppData\Local\Programs\Python\Python310\;C:\Users\Melfred\AppData\Local\Microsoft\WindowsApps;C:\Users\Melfred\AppData\Local\Programs\Microsoft VS Code\bin;C:\Users\Melfred\AppData\Local\GitHubDesktop\bin;C:\Program Files\JetBrains\PyCharm Community Edition 2023.1.2\bin;;C:\php;C:\sqlite;C:\Program Files\Azure Data Studio\bin;C:\Users\Melfred\AppData\Roaming\npm;C:\Users\Melfred\AppData\Local\Microsoft\WindowsApps;C:\Users\Melfred\AppData\Roaming\Composer\vendor\bin;C:\Program Files\JetBrains\PhpStorm 2024.2.0.1\bin;;
USERNAME=Melfred
OS=Windows_NT
PROCESSOR_IDENTIFIER=AMD64 Family 25 Model 80 Stepping 0, AuthenticAMD
TMP=C:\Users\Melfred\AppData\Local\Temp
TEMP=C:\Users\Melfred\AppData\Local\Temp




Periodic native trim disabled

---------------  S Y S T E M  ---------------

OS:
 Windows 10 , 64 bit Build 19041 (10.0.19041.5438)
OS uptime: 0 days 11:46 hours
Hyper-V role detected

CPU: total 16 (initial active 16) (16 cores per cpu, 2 threads per core) family 25 model 80 stepping 0 microcode 0x0, cx8, cmov, fxsr, ht, mmx, 3dnowpref, sse, sse2, sse3, ssse3, sse4a, sse4.1, sse4.2, popcnt, lzcnt, tsc, tscinvbit, avx, avx2, aes, erms, clmul, bmi1, bmi2, adx, sha, fma, vzeroupper, clflush, clflushopt, hv, rdtscp, rdpid, fsrm, f16c, cet_ss
Processor Information for the first 16 processors :
  Max Mhz: 3201, Current Mhz: 3201, Mhz Limit: 3201

Memory: 4k page, system-wide physical 15776M (8207M free)
TotalPageFile size 37280M (AvailPageFile size 28200M)
current process WorkingSet (physical memory assigned to process): 600M, peak: 675M
current process commit charge ("private bytes"): 654M, peak: 740M

vm_info: Java HotSpot(TM) 64-Bit Server VM (23.0.2+7-58) for windows-amd64 JRE (23.0.2+7-58), built on 2024-11-29T09:34:55Z with MS VC++ 17.6 (VS2022)

END.
